[1/14] Building CXX object _deps/googletest-build/googlemock/CMakeFiles/gmock_main.dir/Debug/src/gmock_main.cc.o
[2/14] Building CXX object _deps/googletest-build/googletest/CMakeFiles/gtest_main.dir/Debug/src/gtest_main.cc.o
[3/14] Building CXX object CMakeFiles/sha3_test.dir/Debug/tests/sha3.cc.o
FAILED: CMakeFiles/sha3_test.dir/Debug/tests/sha3.cc.o 
/usr/bin/clang++-18 -DJSON_DIAGNOSTICS=0 -DJSON_USE_IMPLICIT_CONVERSIONS=1 -DLIBCRUX_X64 -DCMAKE_INTDIR=\"Debug\" -I/home/franziskus/libcrux/libcrux-ml-kem/cg -I/home/franziskus/libcrux/libcrux-ml-kem/cg/internal -I/home/franziskus/libcrux/libcrux-ml-kem/cg/karamel/include -I/home/franziskus/libcrux/libcrux-ml-kem/cg/build/_deps/json-src/single_include -isystem /home/franziskus/libcrux/libcrux-ml-kem/cg/build/_deps/googletest-src/googletest/include -isystem /home/franziskus/libcrux/libcrux-ml-kem/cg/build/_deps/googletest-src/googletest -g -Wall -fstack-usage -Wunused-function -ferror-limit=1000 -g -Og -Werror -Wframe-larger-than=25344 -std=gnu++20 -MD -MT CMakeFiles/sha3_test.dir/Debug/tests/sha3.cc.o -MF CMakeFiles/sha3_test.dir/Debug/tests/sha3.cc.o.d -o CMakeFiles/sha3_test.dir/Debug/tests/sha3.cc.o -c /home/franziskus/libcrux/libcrux-ml-kem/cg/tests/sha3.cc
In file included from /home/franziskus/libcrux/libcrux-ml-kem/cg/tests/sha3.cc:5:
In file included from /home/franziskus/libcrux/libcrux-ml-kem/cg/libcrux_sha3_portable.h:22:
/home/franziskus/libcrux/libcrux-ml-kem/cg/libcrux_core.h:212:29: error: unused function 'libcrux_ml_kem_utils_into_padded_array_9e' [-Werror,-Wunused-function]
  212 | static KRML_MUSTINLINE void libcrux_ml_kem_utils_into_padded_array_9e(
      |                             ^~~~~~~~~~~~~~~~~~~~~~~~~~~~~~~~~~~~~~~~~
/home/franziskus/libcrux/libcrux-ml-kem/cg/libcrux_core.h:417:32: error: unused function 'libcrux_ml_kem_utils_prf_input_inc_e0' [-Werror,-Wunused-function]
  417 | static KRML_MUSTINLINE uint8_t libcrux_ml_kem_utils_prf_input_inc_e0(
      |                                ^~~~~~~~~~~~~~~~~~~~~~~~~~~~~~~~~~~~~
/home/franziskus/libcrux/libcrux-ml-kem/cg/libcrux_core.h:439:29: error: unused function 'libcrux_ml_kem_utils_into_padded_array_c8' [-Werror,-Wunused-function]
  439 | static KRML_MUSTINLINE void libcrux_ml_kem_utils_into_padded_array_c8(
      |                             ^~~~~~~~~~~~~~~~~~~~~~~~~~~~~~~~~~~~~~~~~
/home/franziskus/libcrux/libcrux-ml-kem/cg/libcrux_core.h:458:29: error: unused function 'libcrux_ml_kem_utils_into_padded_array_b6' [-Werror,-Wunused-function]
  458 | static KRML_MUSTINLINE void libcrux_ml_kem_utils_into_padded_array_b6(
      |                             ^~~~~~~~~~~~~~~~~~~~~~~~~~~~~~~~~~~~~~~~~
/home/franziskus/libcrux/libcrux-ml-kem/cg/libcrux_core.h:491:29: error: unused function 'libcrux_ml_kem_utils_into_padded_array_15' [-Werror,-Wunused-function]
  491 | static KRML_MUSTINLINE void libcrux_ml_kem_utils_into_padded_array_15(
      |                             ^~~~~~~~~~~~~~~~~~~~~~~~~~~~~~~~~~~~~~~~~
/home/franziskus/libcrux/libcrux-ml-kem/cg/libcrux_core.h:510:29: error: unused function 'libcrux_ml_kem_utils_into_padded_array_24' [-Werror,-Wunused-function]
  510 | static KRML_MUSTINLINE void libcrux_ml_kem_utils_into_padded_array_24(
      |                             ^~~~~~~~~~~~~~~~~~~~~~~~~~~~~~~~~~~~~~~~~
In file included from /home/franziskus/libcrux/libcrux-ml-kem/cg/tests/sha3.cc:5:
/home/franziskus/libcrux/libcrux-ml-kem/cg/libcrux_sha3_portable.h:2149:1: error: unused function 'libcrux_sha3_portable_incremental_shake128_init' [-Werror,-Wunused-function]
 2149 | libcrux_sha3_portable_incremental_shake128_init(void) {
      | ^~~~~~~~~~~~~~~~~~~~~~~~~~~~~~~~~~~~~~~~~~~~~~~
/home/franziskus/libcrux/libcrux-ml-kem/cg/libcrux_sha3_portable.h:2242:1: error: unused function 'libcrux_sha3_portable_incremental_shake128_absorb_final' [-Werror,-Wunused-function]
 2242 | libcrux_sha3_portable_incremental_shake128_absorb_final(
      | ^~~~~~~~~~~~~~~~~~~~~~~~~~~~~~~~~~~~~~~~~~~~~~~~~~~~~~~
/home/franziskus/libcrux/libcrux-ml-kem/cg/libcrux_sha3_portable.h:2336:1: error: unused function 'libcrux_sha3_portable_incremental_shake128_squeeze_first_three_blocks' [-Werror,-Wunused-function]
 2336 | libcrux_sha3_portable_incremental_shake128_squeeze_first_three_blocks(
      | ^~~~~~~~~~~~~~~~~~~~~~~~~~~~~~~~~~~~~~~~~~~~~~~~~~~~~~~~~~~~~~~~~~~~~
/home/franziskus/libcrux/libcrux-ml-kem/cg/libcrux_sha3_portable.h:2346:1: error: unused function 'libcrux_sha3_portable_incremental_shake128_squeeze_next_block' [-Werror,-Wunused-function]
 2346 | libcrux_sha3_portable_incremental_shake128_squeeze_next_block(
      | ^~~~~~~~~~~~~~~~~~~~~~~~~~~~~~~~~~~~~~~~~~~~~~~~~~~~~~~~~~~~~
/home/franziskus/libcrux/libcrux-ml-kem/cg/libcrux_sha3_portable.h:2362:31: error: unused function 'libcrux_sha3_digest_size' [-Werror,-Wunused-function]
 2362 | static KRML_MUSTINLINE size_t libcrux_sha3_digest_size(libcrux_sha3_Algorithm mode) {
      |                               ^~~~~~~~~~~~~~~~~~~~~~~~
/home/franziskus/libcrux/libcrux-ml-kem/cg/libcrux_sha3_portable.h:3105:29: error: unused function 'libcrux_sha3_sha224' [-Werror,-Wunused-function]
 3105 | static KRML_MUSTINLINE void libcrux_sha3_sha224(Eurydice_slice data,
      |                             ^~~~~~~~~~~~~~~~~~~
/home/franziskus/libcrux/libcrux-ml-kem/cg/libcrux_sha3_portable.h:3143:29: error: unused function 'libcrux_sha3_sha384' [-Werror,-Wunused-function]
 3143 | static KRML_MUSTINLINE void libcrux_sha3_sha384(Eurydice_slice data,
      |                             ^~~~~~~~~~~~~~~~~~~
/home/franziskus/libcrux/libcrux-ml-kem/cg/libcrux_sha3_portable.h:3162:29: error: unused function 'libcrux_sha3_sha512' [-Werror,-Wunused-function]
 3162 | static KRML_MUSTINLINE void libcrux_sha3_sha512(Eurydice_slice data,
      |                             ^~~~~~~~~~~~~~~~~~~
/home/franziskus/libcrux/libcrux-ml-kem/cg/libcrux_sha3_portable.h:3391:29: error: unused function 'libcrux_sha3_shake128_ema' [-Werror,-Wunused-function]
 3391 | static KRML_MUSTINLINE void libcrux_sha3_shake128_ema(Eurydice_slice out,
      |                             ^~~~~~~~~~~~~~~~~~~~~~~~~
/home/franziskus/libcrux/libcrux-ml-kem/cg/libcrux_sha3_portable.h:3401:29: error: unused function 'libcrux_sha3_shake256_ema' [-Werror,-Wunused-function]
 3401 | static KRML_MUSTINLINE void libcrux_sha3_shake256_ema(Eurydice_slice out,
      |                             ^~~~~~~~~~~~~~~~~~~~~~~~~
/home/franziskus/libcrux/libcrux-ml-kem/cg/libcrux_sha3_portable.h:3423:29: error: unused function 'libcrux_sha3_neon_sha224' [-Werror,-Wunused-function]
 3423 | static KRML_MUSTINLINE void libcrux_sha3_neon_sha224(Eurydice_slice digest,
      |                             ^~~~~~~~~~~~~~~~~~~~~~~~
/home/franziskus/libcrux/libcrux-ml-kem/cg/libcrux_sha3_portable.h:3433:29: error: unused function 'libcrux_sha3_neon_sha256' [-Werror,-Wunused-function]
 3433 | static KRML_MUSTINLINE void libcrux_sha3_neon_sha256(Eurydice_slice digest,
      |                             ^~~~~~~~~~~~~~~~~~~~~~~~
/home/franziskus/libcrux/libcrux-ml-kem/cg/libcrux_sha3_portable.h:3443:29: error: unused function 'libcrux_sha3_neon_sha384' [-Werror,-Wunused-function]
 3443 | static KRML_MUSTINLINE void libcrux_sha3_neon_sha384(Eurydice_slice digest,
      |                             ^~~~~~~~~~~~~~~~~~~~~~~~
/home/franziskus/libcrux/libcrux-ml-kem/cg/libcrux_sha3_portable.h:3453:29: error: unused function 'libcrux_sha3_neon_sha512' [-Werror,-Wunused-function]
 3453 | static KRML_MUSTINLINE void libcrux_sha3_neon_sha512(Eurydice_slice digest,
      |                             ^~~~~~~~~~~~~~~~~~~~~~~~
/home/franziskus/libcrux/libcrux-ml-kem/cg/libcrux_sha3_portable.h:3465:29: error: unused function 'libcrux_sha3_neon_x2_shake256' [-Werror,-Wunused-function]
 3465 | static KRML_MUSTINLINE void libcrux_sha3_neon_x2_shake256(Eurydice_slice input0,
      |                             ^~~~~~~~~~~~~~~~~~~~~~~~~~~~~
/home/franziskus/libcrux/libcrux-ml-kem/cg/libcrux_sha3_portable.h:3482:1: error: unused function 'libcrux_sha3_neon_x2_incremental_init' [-Werror,-Wunused-function]
 3482 | libcrux_sha3_neon_x2_incremental_init(void) {
      | ^~~~~~~~~~~~~~~~~~~~~~~~~~~~~~~~~~~~~
/home/franziskus/libcrux/libcrux-ml-kem/cg/libcrux_sha3_portable.h:3492:1: error: unused function 'libcrux_sha3_neon_x2_incremental_shake128_absorb_final' [-Werror,-Wunused-function]
 3492 | libcrux_sha3_neon_x2_incremental_shake128_absorb_final(
      | ^~~~~~~~~~~~~~~~~~~~~~~~~~~~~~~~~~~~~~~~~~~~~~~~~~~~~~
/home/franziskus/libcrux/libcrux-ml-kem/cg/libcrux_sha3_portable.h:3505:1: error: unused function 'libcrux_sha3_neon_x2_incremental_shake128_squeeze_first_three_blocks' [-Werror,-Wunused-function]
 3505 | libcrux_sha3_neon_x2_incremental_shake128_squeeze_first_three_blocks(
      | ^~~~~~~~~~~~~~~~~~~~~~~~~~~~~~~~~~~~~~~~~~~~~~~~~~~~~~~~~~~~~~~~~~~~
/home/franziskus/libcrux/libcrux-ml-kem/cg/libcrux_sha3_portable.h:3518:1: error: unused function 'libcrux_sha3_neon_x2_incremental_shake128_squeeze_next_block' [-Werror,-Wunused-function]
 3518 | libcrux_sha3_neon_x2_incremental_shake128_squeeze_next_block(
      | ^~~~~~~~~~~~~~~~~~~~~~~~~~~~~~~~~~~~~~~~~~~~~~~~~~~~~~~~~~~~
/home/franziskus/libcrux/libcrux-ml-kem/cg/libcrux_sha3_portable.h:3530:1: error: unused function 'libcrux_sha3_neon_x2_incremental_shake128_squeeze_first_five_blocks' [-Werror,-Wunused-function]
 3530 | libcrux_sha3_neon_x2_incremental_shake128_squeeze_first_five_blocks(
      | ^~~~~~~~~~~~~~~~~~~~~~~~~~~~~~~~~~~~~~~~~~~~~~~~~~~~~~~~~~~~~~~~~~~
/home/franziskus/libcrux/libcrux-ml-kem/cg/libcrux_sha3_portable.h:3542:1: error: unused function 'libcrux_sha3_neon_x2_incremental_shake256_absorb_final' [-Werror,-Wunused-function]
 3542 | libcrux_sha3_neon_x2_incremental_shake256_absorb_final(
      | ^~~~~~~~~~~~~~~~~~~~~~~~~~~~~~~~~~~~~~~~~~~~~~~~~~~~~~
/home/franziskus/libcrux/libcrux-ml-kem/cg/libcrux_sha3_portable.h:3554:1: error: unused function 'libcrux_sha3_neon_x2_incremental_shake256_squeeze_first_block' [-Werror,-Wunused-function]
 3554 | libcrux_sha3_neon_x2_incremental_shake256_squeeze_first_block(
      | ^~~~~~~~~~~~~~~~~~~~~~~~~~~~~~~~~~~~~~~~~~~~~~~~~~~~~~~~~~~~~
/home/franziskus/libcrux/libcrux-ml-kem/cg/libcrux_sha3_portable.h:3566:1: error: unused function 'libcrux_sha3_neon_x2_incremental_shake256_squeeze_next_block' [-Werror,-Wunused-function]
 3566 | libcrux_sha3_neon_x2_incremental_shake256_squeeze_next_block(
      | ^~~~~~~~~~~~~~~~~~~~~~~~~~~~~~~~~~~~~~~~~~~~~~~~~~~~~~~~~~~~
/home/franziskus/libcrux/libcrux-ml-kem/cg/libcrux_sha3_portable.h:3619:1: error: unused function 'libcrux_sha3_portable_incremental_shake128_squeeze_first_five_blocks' [-Werror,-Wunused-function]
 3619 | libcrux_sha3_portable_incremental_shake128_squeeze_first_five_blocks(
      | ^~~~~~~~~~~~~~~~~~~~~~~~~~~~~~~~~~~~~~~~~~~~~~~~~~~~~~~~~~~~~~~~~~~~
/home/franziskus/libcrux/libcrux-ml-kem/cg/libcrux_sha3_portable.h:3629:1: error: unused function 'libcrux_sha3_portable_incremental_shake256_absorb_final' [-Werror,-Wunused-function]
 3629 | libcrux_sha3_portable_incremental_shake256_absorb_final(
      | ^~~~~~~~~~~~~~~~~~~~~~~~~~~~~~~~~~~~~~~~~~~~~~~~~~~~~~~
/home/franziskus/libcrux/libcrux-ml-kem/cg/libcrux_sha3_portable.h:3639:1: error: unused function 'libcrux_sha3_portable_incremental_shake256_init' [-Werror,-Wunused-function]
 3639 | libcrux_sha3_portable_incremental_shake256_init(void) {
      | ^~~~~~~~~~~~~~~~~~~~~~~~~~~~~~~~~~~~~~~~~~~~~~~
/home/franziskus/libcrux/libcrux-ml-kem/cg/libcrux_sha3_portable.h:3647:1: error: unused function 'libcrux_sha3_portable_incremental_shake256_squeeze_first_block' [-Werror,-Wunused-function]
 3647 | libcrux_sha3_portable_incremental_shake256_squeeze_first_block(
      | ^~~~~~~~~~~~~~~~~~~~~~~~~~~~~~~~~~~~~~~~~~~~~~~~~~~~~~~~~~~~~~
/home/franziskus/libcrux/libcrux-ml-kem/cg/libcrux_sha3_portable.h:3657:1: error: unused function 'libcrux_sha3_portable_incremental_shake256_squeeze_next_block' [-Werror,-Wunused-function]
 3657 | libcrux_sha3_portable_incremental_shake256_squeeze_next_block(
      | ^~~~~~~~~~~~~~~~~~~~~~~~~~~~~~~~~~~~~~~~~~~~~~~~~~~~~~~~~~~~~
/home/franziskus/libcrux/libcrux-ml-kem/cg/libcrux_sha3_portable.h:3837:29: error: unused function 'libcrux_sha3_portable_incremental_absorb_68' [-Werror,-Wunused-function]
 3837 | static KRML_MUSTINLINE void libcrux_sha3_portable_incremental_absorb_68(
      |                             ^~~~~~~~~~~~~~~~~~~~~~~~~~~~~~~~~~~~~~~~~~~
/home/franziskus/libcrux/libcrux-ml-kem/cg/libcrux_sha3_portable.h:3911:29: error: unused function 'libcrux_sha3_portable_incremental_absorb_final_68' [-Werror,-Wunused-function]
 3911 | static KRML_MUSTINLINE void libcrux_sha3_portable_incremental_absorb_final_68(
      |                             ^~~~~~~~~~~~~~~~~~~~~~~~~~~~~~~~~~~~~~~~~~~~~~~~~
/home/franziskus/libcrux/libcrux-ml-kem/cg/libcrux_sha3_portable.h:3973:1: error: unused function 'libcrux_sha3_portable_incremental_new_68' [-Werror,-Wunused-function]
 3973 | libcrux_sha3_portable_incremental_new_68(void) {
      | ^~~~~~~~~~~~~~~~~~~~~~~~~~~~~~~~~~~~~~~~
/home/franziskus/libcrux/libcrux-ml-kem/cg/libcrux_sha3_portable.h:4089:29: error: unused function 'libcrux_sha3_portable_incremental_squeeze_68' [-Werror,-Wunused-function]
 4089 | static KRML_MUSTINLINE void libcrux_sha3_portable_incremental_squeeze_68(
      |                             ^~~~~~~~~~~~~~~~~~~~~~~~~~~~~~~~~~~~~~~~~~~~
/home/franziskus/libcrux/libcrux-ml-kem/cg/libcrux_sha3_portable.h:4266:29: error: unused function 'libcrux_sha3_portable_incremental_absorb_2f' [-Werror,-Wunused-function]
 4266 | static KRML_MUSTINLINE void libcrux_sha3_portable_incremental_absorb_2f(
      |                             ^~~~~~~~~~~~~~~~~~~~~~~~~~~~~~~~~~~~~~~~~~~
/home/franziskus/libcrux/libcrux-ml-kem/cg/libcrux_sha3_portable.h:4337:29: error: unused function 'libcrux_sha3_portable_incremental_absorb_final_2f' [-Werror,-Wunused-function]
 4337 | static KRML_MUSTINLINE void libcrux_sha3_portable_incremental_absorb_final_2f(
      |                             ^~~~~~~~~~~~~~~~~~~~~~~~~~~~~~~~~~~~~~~~~~~~~~~~~
/home/franziskus/libcrux/libcrux-ml-kem/cg/libcrux_sha3_portable.h:4396:1: error: unused function 'libcrux_sha3_portable_incremental_new_2f' [-Werror,-Wunused-function]
 4396 | libcrux_sha3_portable_incremental_new_2f(void) {
      | ^~~~~~~~~~~~~~~~~~~~~~~~~~~~~~~~~~~~~~~~
/home/franziskus/libcrux/libcrux-ml-kem/cg/libcrux_sha3_portable.h:4512:29: error: unused function 'libcrux_sha3_portable_incremental_squeeze_2f' [-Werror,-Wunused-function]
 4512 | static KRML_MUSTINLINE void libcrux_sha3_portable_incremental_squeeze_2f(
      |                             ^~~~~~~~~~~~~~~~~~~~~~~~~~~~~~~~~~~~~~~~~~~~
/home/franziskus/libcrux/libcrux-ml-kem/cg/libcrux_sha3_portable.h:4523:1: error: unused function 'libcrux_sha3_portable_clone_3d' [-Werror,-Wunused-function]
 4523 | libcrux_sha3_portable_clone_3d(
      | ^~~~~~~~~~~~~~~~~~~~~~~~~~~~~~
/home/franziskus/libcrux/libcrux-ml-kem/cg/libcrux_sha3_portable.h:4532:33: error: unused function 'libcrux_sha3_from_eb' [-Werror,-Wunused-function]
 4532 | static KRML_MUSTINLINE uint32_t libcrux_sha3_from_eb(libcrux_sha3_Algorithm v) {
      |                                 ^~~~~~~~~~~~~~~~~~~~
/home/franziskus/libcrux/libcrux-ml-kem/cg/libcrux_sha3_portable.h:4549:47: error: unused function 'libcrux_sha3_from_2d' [-Werror,-Wunused-function]
 4549 | static KRML_MUSTINLINE libcrux_sha3_Algorithm libcrux_sha3_from_2d(uint32_t v) {
      |                                               ^~~~~~~~~~~~~~~~~~~~
45 errors generated.
[4/14] Building CXX object CMakeFiles/kyber_test.dir/Debug/tests/kyber768.cc.o
FAILED: CMakeFiles/kyber_test.dir/Debug/tests/kyber768.cc.o 
/usr/bin/clang++-18 -DJSON_DIAGNOSTICS=0 -DJSON_USE_IMPLICIT_CONVERSIONS=1 -DLIBCRUX_X64 -DCMAKE_INTDIR=\"Debug\" -I/home/franziskus/libcrux/libcrux-ml-kem/cg -I/home/franziskus/libcrux/libcrux-ml-kem/cg/internal -I/home/franziskus/libcrux/libcrux-ml-kem/cg/karamel/include -I/home/franziskus/libcrux/libcrux-ml-kem/cg/build/_deps/json-src/single_include -isystem /home/franziskus/libcrux/libcrux-ml-kem/cg/build/_deps/googletest-src/googletest/include -isystem /home/franziskus/libcrux/libcrux-ml-kem/cg/build/_deps/googletest-src/googletest -g -Wall -fstack-usage -Wunused-function -ferror-limit=1000 -g -Og -Werror -Wframe-larger-than=25344 -std=gnu++20 -MD -MT CMakeFiles/kyber_test.dir/Debug/tests/kyber768.cc.o -MF CMakeFiles/kyber_test.dir/Debug/tests/kyber768.cc.o.d -o CMakeFiles/kyber_test.dir/Debug/tests/kyber768.cc.o -c /home/franziskus/libcrux/libcrux-ml-kem/cg/tests/kyber768.cc
In file included from /home/franziskus/libcrux/libcrux-ml-kem/cg/tests/kyber768.cc:9:
In file included from /home/franziskus/libcrux/libcrux-ml-kem/cg/tests/util.h:6:
In file included from /home/franziskus/libcrux/libcrux-ml-kem/cg/libcrux_mlkem768_portable.h:24:
/home/franziskus/libcrux/libcrux-ml-kem/cg/libcrux_sha3_portable.h:2362:31: error: unused function 'libcrux_sha3_digest_size' [-Werror,-Wunused-function]
 2362 | static KRML_MUSTINLINE size_t libcrux_sha3_digest_size(libcrux_sha3_Algorithm mode) {
      |                               ^~~~~~~~~~~~~~~~~~~~~~~~
/home/franziskus/libcrux/libcrux-ml-kem/cg/libcrux_sha3_portable.h:3105:29: error: unused function 'libcrux_sha3_sha224' [-Werror,-Wunused-function]
 3105 | static KRML_MUSTINLINE void libcrux_sha3_sha224(Eurydice_slice data,
      |                             ^~~~~~~~~~~~~~~~~~~
/home/franziskus/libcrux/libcrux-ml-kem/cg/libcrux_sha3_portable.h:3143:29: error: unused function 'libcrux_sha3_sha384' [-Werror,-Wunused-function]
 3143 | static KRML_MUSTINLINE void libcrux_sha3_sha384(Eurydice_slice data,
      |                             ^~~~~~~~~~~~~~~~~~~
/home/franziskus/libcrux/libcrux-ml-kem/cg/libcrux_sha3_portable.h:3162:29: error: unused function 'libcrux_sha3_sha512' [-Werror,-Wunused-function]
 3162 | static KRML_MUSTINLINE void libcrux_sha3_sha512(Eurydice_slice data,
      |                             ^~~~~~~~~~~~~~~~~~~
/home/franziskus/libcrux/libcrux-ml-kem/cg/libcrux_sha3_portable.h:3391:29: error: unused function 'libcrux_sha3_shake128_ema' [-Werror,-Wunused-function]
 3391 | static KRML_MUSTINLINE void libcrux_sha3_shake128_ema(Eurydice_slice out,
      |                             ^~~~~~~~~~~~~~~~~~~~~~~~~
/home/franziskus/libcrux/libcrux-ml-kem/cg/libcrux_sha3_portable.h:3401:29: error: unused function 'libcrux_sha3_shake256_ema' [-Werror,-Wunused-function]
 3401 | static KRML_MUSTINLINE void libcrux_sha3_shake256_ema(Eurydice_slice out,
      |                             ^~~~~~~~~~~~~~~~~~~~~~~~~
/home/franziskus/libcrux/libcrux-ml-kem/cg/libcrux_sha3_portable.h:3423:29: error: unused function 'libcrux_sha3_neon_sha224' [-Werror,-Wunused-function]
 3423 | static KRML_MUSTINLINE void libcrux_sha3_neon_sha224(Eurydice_slice digest,
      |                             ^~~~~~~~~~~~~~~~~~~~~~~~
/home/franziskus/libcrux/libcrux-ml-kem/cg/libcrux_sha3_portable.h:3433:29: error: unused function 'libcrux_sha3_neon_sha256' [-Werror,-Wunused-function]
 3433 | static KRML_MUSTINLINE void libcrux_sha3_neon_sha256(Eurydice_slice digest,
      |                             ^~~~~~~~~~~~~~~~~~~~~~~~
/home/franziskus/libcrux/libcrux-ml-kem/cg/libcrux_sha3_portable.h:3443:29: error: unused function 'libcrux_sha3_neon_sha384' [-Werror,-Wunused-function]
 3443 | static KRML_MUSTINLINE void libcrux_sha3_neon_sha384(Eurydice_slice digest,
      |                             ^~~~~~~~~~~~~~~~~~~~~~~~
/home/franziskus/libcrux/libcrux-ml-kem/cg/libcrux_sha3_portable.h:3453:29: error: unused function 'libcrux_sha3_neon_sha512' [-Werror,-Wunused-function]
 3453 | static KRML_MUSTINLINE void libcrux_sha3_neon_sha512(Eurydice_slice digest,
      |                             ^~~~~~~~~~~~~~~~~~~~~~~~
/home/franziskus/libcrux/libcrux-ml-kem/cg/libcrux_sha3_portable.h:3465:29: error: unused function 'libcrux_sha3_neon_x2_shake256' [-Werror,-Wunused-function]
 3465 | static KRML_MUSTINLINE void libcrux_sha3_neon_x2_shake256(Eurydice_slice input0,
      |                             ^~~~~~~~~~~~~~~~~~~~~~~~~~~~~
/home/franziskus/libcrux/libcrux-ml-kem/cg/libcrux_sha3_portable.h:3482:1: error: unused function 'libcrux_sha3_neon_x2_incremental_init' [-Werror,-Wunused-function]
 3482 | libcrux_sha3_neon_x2_incremental_init(void) {
      | ^~~~~~~~~~~~~~~~~~~~~~~~~~~~~~~~~~~~~
/home/franziskus/libcrux/libcrux-ml-kem/cg/libcrux_sha3_portable.h:3492:1: error: unused function 'libcrux_sha3_neon_x2_incremental_shake128_absorb_final' [-Werror,-Wunused-function]
 3492 | libcrux_sha3_neon_x2_incremental_shake128_absorb_final(
      | ^~~~~~~~~~~~~~~~~~~~~~~~~~~~~~~~~~~~~~~~~~~~~~~~~~~~~~
/home/franziskus/libcrux/libcrux-ml-kem/cg/libcrux_sha3_portable.h:3505:1: error: unused function 'libcrux_sha3_neon_x2_incremental_shake128_squeeze_first_three_blocks' [-Werror,-Wunused-function]
 3505 | libcrux_sha3_neon_x2_incremental_shake128_squeeze_first_three_blocks(
      | ^~~~~~~~~~~~~~~~~~~~~~~~~~~~~~~~~~~~~~~~~~~~~~~~~~~~~~~~~~~~~~~~~~~~
/home/franziskus/libcrux/libcrux-ml-kem/cg/libcrux_sha3_portable.h:3518:1: error: unused function 'libcrux_sha3_neon_x2_incremental_shake128_squeeze_next_block' [-Werror,-Wunused-function]
 3518 | libcrux_sha3_neon_x2_incremental_shake128_squeeze_next_block(
      | ^~~~~~~~~~~~~~~~~~~~~~~~~~~~~~~~~~~~~~~~~~~~~~~~~~~~~~~~~~~~
/home/franziskus/libcrux/libcrux-ml-kem/cg/libcrux_sha3_portable.h:3530:1: error: unused function 'libcrux_sha3_neon_x2_incremental_shake128_squeeze_first_five_blocks' [-Werror,-Wunused-function]
 3530 | libcrux_sha3_neon_x2_incremental_shake128_squeeze_first_five_blocks(
      | ^~~~~~~~~~~~~~~~~~~~~~~~~~~~~~~~~~~~~~~~~~~~~~~~~~~~~~~~~~~~~~~~~~~
/home/franziskus/libcrux/libcrux-ml-kem/cg/libcrux_sha3_portable.h:3542:1: error: unused function 'libcrux_sha3_neon_x2_incremental_shake256_absorb_final' [-Werror,-Wunused-function]
 3542 | libcrux_sha3_neon_x2_incremental_shake256_absorb_final(
      | ^~~~~~~~~~~~~~~~~~~~~~~~~~~~~~~~~~~~~~~~~~~~~~~~~~~~~~
/home/franziskus/libcrux/libcrux-ml-kem/cg/libcrux_sha3_portable.h:3554:1: error: unused function 'libcrux_sha3_neon_x2_incremental_shake256_squeeze_first_block' [-Werror,-Wunused-function]
 3554 | libcrux_sha3_neon_x2_incremental_shake256_squeeze_first_block(
      | ^~~~~~~~~~~~~~~~~~~~~~~~~~~~~~~~~~~~~~~~~~~~~~~~~~~~~~~~~~~~~
/home/franziskus/libcrux/libcrux-ml-kem/cg/libcrux_sha3_portable.h:3566:1: error: unused function 'libcrux_sha3_neon_x2_incremental_shake256_squeeze_next_block' [-Werror,-Wunused-function]
 3566 | libcrux_sha3_neon_x2_incremental_shake256_squeeze_next_block(
      | ^~~~~~~~~~~~~~~~~~~~~~~~~~~~~~~~~~~~~~~~~~~~~~~~~~~~~~~~~~~~
/home/franziskus/libcrux/libcrux-ml-kem/cg/libcrux_sha3_portable.h:3619:1: error: unused function 'libcrux_sha3_portable_incremental_shake128_squeeze_first_five_blocks' [-Werror,-Wunused-function]
 3619 | libcrux_sha3_portable_incremental_shake128_squeeze_first_five_blocks(
      | ^~~~~~~~~~~~~~~~~~~~~~~~~~~~~~~~~~~~~~~~~~~~~~~~~~~~~~~~~~~~~~~~~~~~
/home/franziskus/libcrux/libcrux-ml-kem/cg/libcrux_sha3_portable.h:3629:1: error: unused function 'libcrux_sha3_portable_incremental_shake256_absorb_final' [-Werror,-Wunused-function]
 3629 | libcrux_sha3_portable_incremental_shake256_absorb_final(
      | ^~~~~~~~~~~~~~~~~~~~~~~~~~~~~~~~~~~~~~~~~~~~~~~~~~~~~~~
/home/franziskus/libcrux/libcrux-ml-kem/cg/libcrux_sha3_portable.h:3639:1: error: unused function 'libcrux_sha3_portable_incremental_shake256_init' [-Werror,-Wunused-function]
 3639 | libcrux_sha3_portable_incremental_shake256_init(void) {
      | ^~~~~~~~~~~~~~~~~~~~~~~~~~~~~~~~~~~~~~~~~~~~~~~
/home/franziskus/libcrux/libcrux-ml-kem/cg/libcrux_sha3_portable.h:3647:1: error: unused function 'libcrux_sha3_portable_incremental_shake256_squeeze_first_block' [-Werror,-Wunused-function]
 3647 | libcrux_sha3_portable_incremental_shake256_squeeze_first_block(
      | ^~~~~~~~~~~~~~~~~~~~~~~~~~~~~~~~~~~~~~~~~~~~~~~~~~~~~~~~~~~~~~
/home/franziskus/libcrux/libcrux-ml-kem/cg/libcrux_sha3_portable.h:3657:1: error: unused function 'libcrux_sha3_portable_incremental_shake256_squeeze_next_block' [-Werror,-Wunused-function]
 3657 | libcrux_sha3_portable_incremental_shake256_squeeze_next_block(
      | ^~~~~~~~~~~~~~~~~~~~~~~~~~~~~~~~~~~~~~~~~~~~~~~~~~~~~~~~~~~~~
/home/franziskus/libcrux/libcrux-ml-kem/cg/libcrux_sha3_portable.h:3837:29: error: unused function 'libcrux_sha3_portable_incremental_absorb_68' [-Werror,-Wunused-function]
 3837 | static KRML_MUSTINLINE void libcrux_sha3_portable_incremental_absorb_68(
      |                             ^~~~~~~~~~~~~~~~~~~~~~~~~~~~~~~~~~~~~~~~~~~
/home/franziskus/libcrux/libcrux-ml-kem/cg/libcrux_sha3_portable.h:3911:29: error: unused function 'libcrux_sha3_portable_incremental_absorb_final_68' [-Werror,-Wunused-function]
 3911 | static KRML_MUSTINLINE void libcrux_sha3_portable_incremental_absorb_final_68(
      |                             ^~~~~~~~~~~~~~~~~~~~~~~~~~~~~~~~~~~~~~~~~~~~~~~~~
/home/franziskus/libcrux/libcrux-ml-kem/cg/libcrux_sha3_portable.h:3973:1: error: unused function 'libcrux_sha3_portable_incremental_new_68' [-Werror,-Wunused-function]
 3973 | libcrux_sha3_portable_incremental_new_68(void) {
      | ^~~~~~~~~~~~~~~~~~~~~~~~~~~~~~~~~~~~~~~~
/home/franziskus/libcrux/libcrux-ml-kem/cg/libcrux_sha3_portable.h:4089:29: error: unused function 'libcrux_sha3_portable_incremental_squeeze_68' [-Werror,-Wunused-function]
 4089 | static KRML_MUSTINLINE void libcrux_sha3_portable_incremental_squeeze_68(
      |                             ^~~~~~~~~~~~~~~~~~~~~~~~~~~~~~~~~~~~~~~~~~~~
/home/franziskus/libcrux/libcrux-ml-kem/cg/libcrux_sha3_portable.h:4266:29: error: unused function 'libcrux_sha3_portable_incremental_absorb_2f' [-Werror,-Wunused-function]
 4266 | static KRML_MUSTINLINE void libcrux_sha3_portable_incremental_absorb_2f(
      |                             ^~~~~~~~~~~~~~~~~~~~~~~~~~~~~~~~~~~~~~~~~~~
/home/franziskus/libcrux/libcrux-ml-kem/cg/libcrux_sha3_portable.h:4337:29: error: unused function 'libcrux_sha3_portable_incremental_absorb_final_2f' [-Werror,-Wunused-function]
 4337 | static KRML_MUSTINLINE void libcrux_sha3_portable_incremental_absorb_final_2f(
      |                             ^~~~~~~~~~~~~~~~~~~~~~~~~~~~~~~~~~~~~~~~~~~~~~~~~
/home/franziskus/libcrux/libcrux-ml-kem/cg/libcrux_sha3_portable.h:4396:1: error: unused function 'libcrux_sha3_portable_incremental_new_2f' [-Werror,-Wunused-function]
 4396 | libcrux_sha3_portable_incremental_new_2f(void) {
      | ^~~~~~~~~~~~~~~~~~~~~~~~~~~~~~~~~~~~~~~~
/home/franziskus/libcrux/libcrux-ml-kem/cg/libcrux_sha3_portable.h:4512:29: error: unused function 'libcrux_sha3_portable_incremental_squeeze_2f' [-Werror,-Wunused-function]
 4512 | static KRML_MUSTINLINE void libcrux_sha3_portable_incremental_squeeze_2f(
      |                             ^~~~~~~~~~~~~~~~~~~~~~~~~~~~~~~~~~~~~~~~~~~~
/home/franziskus/libcrux/libcrux-ml-kem/cg/libcrux_sha3_portable.h:4523:1: error: unused function 'libcrux_sha3_portable_clone_3d' [-Werror,-Wunused-function]
 4523 | libcrux_sha3_portable_clone_3d(
      | ^~~~~~~~~~~~~~~~~~~~~~~~~~~~~~
/home/franziskus/libcrux/libcrux-ml-kem/cg/libcrux_sha3_portable.h:4532:33: error: unused function 'libcrux_sha3_from_eb' [-Werror,-Wunused-function]
 4532 | static KRML_MUSTINLINE uint32_t libcrux_sha3_from_eb(libcrux_sha3_Algorithm v) {
      |                                 ^~~~~~~~~~~~~~~~~~~~
/home/franziskus/libcrux/libcrux-ml-kem/cg/libcrux_sha3_portable.h:4549:47: error: unused function 'libcrux_sha3_from_2d' [-Werror,-Wunused-function]
 4549 | static KRML_MUSTINLINE libcrux_sha3_Algorithm libcrux_sha3_from_2d(uint32_t v) {
      |                                               ^~~~~~~~~~~~~~~~~~~~
In file included from /home/franziskus/libcrux/libcrux-ml-kem/cg/tests/kyber768.cc:9:
In file included from /home/franziskus/libcrux/libcrux-ml-kem/cg/tests/util.h:6:
/home/franziskus/libcrux/libcrux-ml-kem/cg/libcrux_mlkem768_portable.h:961:1: error: unused function 'libcrux_ml_kem_vector_portable_from_bytes_2c' [-Werror,-Wunused-function]
  961 | libcrux_ml_kem_vector_portable_from_bytes_2c(Eurydice_slice array) {
      | ^~~~~~~~~~~~~~~~~~~~~~~~~~~~~~~~~~~~~~~~~~~~
/home/franziskus/libcrux/libcrux-ml-kem/cg/libcrux_mlkem768_portable.h:984:29: error: unused function 'libcrux_ml_kem_vector_portable_to_bytes_2c' [-Werror,-Wunused-function]
  984 | static KRML_MUSTINLINE void libcrux_ml_kem_vector_portable_to_bytes_2c(
      |                             ^~~~~~~~~~~~~~~~~~~~~~~~~~~~~~~~~~~~~~~~~~
/home/franziskus/libcrux/libcrux-ml-kem/cg/libcrux_mlkem768_portable.h:2601:1: error: unused function 'libcrux_ml_kem_ind_cpa_deserialize_vector_closure_1b' [-Werror,-Wunused-function]
 2601 | libcrux_ml_kem_ind_cpa_deserialize_vector_closure_1b(size_t _) {
      | ^~~~~~~~~~~~~~~~~~~~~~~~~~~~~~~~~~~~~~~~~~~~~~~~~~~~
/home/franziskus/libcrux/libcrux-ml-kem/cg/libcrux_mlkem768_portable.h:2680:1: error: unused function 'libcrux_ml_kem_ind_cpa_deserialize_then_decompress_u_closure_6c' [-Werror,-Wunused-function]
 2680 | libcrux_ml_kem_ind_cpa_deserialize_then_decompress_u_closure_6c(size_t _) {
      | ^~~~~~~~~~~~~~~~~~~~~~~~~~~~~~~~~~~~~~~~~~~~~~~~~~~~~~~~~~~~~~~
/home/franziskus/libcrux/libcrux-ml-kem/cg/libcrux_mlkem768_portable.h:2793:1: error: unused function 'libcrux_ml_kem_serialize_deserialize_then_decompress_11_96' [-Werror,-Wunused-function]
 2793 | libcrux_ml_kem_serialize_deserialize_then_decompress_11_96(
      | ^~~~~~~~~~~~~~~~~~~~~~~~~~~~~~~~~~~~~~~~~~~~~~~~~~~~~~~~~~
/home/franziskus/libcrux/libcrux-ml-kem/cg/libcrux_mlkem768_portable.h:3168:1: error: unused function 'libcrux_ml_kem_serialize_deserialize_then_decompress_5_96' [-Werror,-Wunused-function]
 3168 | libcrux_ml_kem_serialize_deserialize_then_decompress_5_96(
      | ^~~~~~~~~~~~~~~~~~~~~~~~~~~~~~~~~~~~~~~~~~~~~~~~~~~~~~~~~
/home/franziskus/libcrux/libcrux-ml-kem/cg/libcrux_mlkem768_portable.h:4410:1: error: unused function 'libcrux_ml_kem_ind_cpa_sample_vector_cbd_then_ntt_out_closure_3b' [-Werror,-Wunused-function]
 4410 | libcrux_ml_kem_ind_cpa_sample_vector_cbd_then_ntt_out_closure_3b(size_t _i) {
      | ^~~~~~~~~~~~~~~~~~~~~~~~~~~~~~~~~~~~~~~~~~~~~~~~~~~~~~~~~~~~~~~~
/home/franziskus/libcrux/libcrux-ml-kem/cg/libcrux_mlkem768_portable.h:4549:1: error: unused function 'libcrux_ml_kem_sampling_sample_from_binomial_distribution_3_96' [-Werror,-Wunused-function]
 4549 | libcrux_ml_kem_sampling_sample_from_binomial_distribution_3_96(
      | ^~~~~~~~~~~~~~~~~~~~~~~~~~~~~~~~~~~~~~~~~~~~~~~~~~~~~~~~~~~~~~
/home/franziskus/libcrux/libcrux-ml-kem/cg/libcrux_mlkem768_portable.h:4730:1: error: unused function 'libcrux_ml_kem_ind_cpa_sample_ring_element_cbd_closure_3b' [-Werror,-Wunused-function]
 4730 | libcrux_ml_kem_ind_cpa_sample_ring_element_cbd_closure_3b(size_t _i) {
      | ^~~~~~~~~~~~~~~~~~~~~~~~~~~~~~~~~~~~~~~~~~~~~~~~~~~~~~~~~
/home/franziskus/libcrux/libcrux-ml-kem/cg/libcrux_mlkem768_portable.h:4819:1: error: unused function 'libcrux_ml_kem_matrix_compute_vector_u_closure_1b' [-Werror,-Wunused-function]
 4819 | libcrux_ml_kem_matrix_compute_vector_u_closure_1b(size_t _i) {
      | ^~~~~~~~~~~~~~~~~~~~~~~~~~~~~~~~~~~~~~~~~~~~~~~~~
/home/franziskus/libcrux/libcrux-ml-kem/cg/libcrux_mlkem768_portable.h:5015:1: error: unused function 'libcrux_ml_kem_serialize_compress_then_serialize_11_ff' [-Werror,-Wunused-function]
 5015 | libcrux_ml_kem_serialize_compress_then_serialize_11_ff(
      | ^~~~~~~~~~~~~~~~~~~~~~~~~~~~~~~~~~~~~~~~~~~~~~~~~~~~~~
/home/franziskus/libcrux/libcrux-ml-kem/cg/libcrux_mlkem768_portable.h:5377:1: error: unused function 'libcrux_ml_kem_serialize_compress_then_serialize_5_96' [-Werror,-Wunused-function]
 5377 | libcrux_ml_kem_serialize_compress_then_serialize_5_96(
      | ^~~~~~~~~~~~~~~~~~~~~~~~~~~~~~~~~~~~~~~~~~~~~~~~~~~~~
/home/franziskus/libcrux/libcrux-ml-kem/cg/libcrux_mlkem768_portable.h:5707:29: error: unused function 'libcrux_ml_kem_mlkem768_portable_decapsulate' [-Werror,-Wunused-function]
 5707 | static KRML_MUSTINLINE void libcrux_ml_kem_mlkem768_portable_decapsulate(
      |                             ^~~~~~~~~~~~~~~~~~~~~~~~~~~~~~~~~~~~~~~~~~~~
/home/franziskus/libcrux/libcrux-ml-kem/cg/libcrux_mlkem768_portable.h:5856:33: error: unused function 'libcrux_ml_kem_mlkem768_portable_encapsulate' [-Werror,-Wunused-function]
 5856 | static KRML_MUSTINLINE tuple_c2 libcrux_ml_kem_mlkem768_portable_encapsulate(
      |                                 ^~~~~~~~~~~~~~~~~~~~~~~~~~~~~~~~~~~~~~~~~~~~
/home/franziskus/libcrux/libcrux-ml-kem/cg/libcrux_mlkem768_portable.h:6966:1: error: unused function 'libcrux_ml_kem_mlkem768_portable_kyber_generate_key_pair' [-Werror,-Wunused-function]
 6966 | libcrux_ml_kem_mlkem768_portable_kyber_generate_key_pair(
      | ^~~~~~~~~~~~~~~~~~~~~~~~~~~~~~~~~~~~~~~~~~~~~~~~~~~~~~~~
/home/franziskus/libcrux/libcrux-ml-kem/cg/libcrux_mlkem768_portable.h:7047:29: error: unused function 'libcrux_ml_kem_mlkem768_portable_validate_private_key' [-Werror,-Wunused-function]
 7047 | static KRML_MUSTINLINE bool libcrux_ml_kem_mlkem768_portable_validate_private_key(
      |                             ^~~~~~~~~~~~~~~~~~~~~~~~~~~~~~~~~~~~~~~~~~~~~~~~~~~~~
/home/franziskus/libcrux/libcrux-ml-kem/cg/libcrux_mlkem768_portable.h:7075:29: error: unused function 'libcrux_ml_kem_mlkem768_portable_validate_private_key_only' [-Werror,-Wunused-function]
 7075 | static KRML_MUSTINLINE bool libcrux_ml_kem_mlkem768_portable_validate_private_key_only(
      |                             ^~~~~~~~~~~~~~~~~~~~~~~~~~~~~~~~~~~~~~~~~~~~~~~~~~~~~~~~~~
/home/franziskus/libcrux/libcrux-ml-kem/cg/libcrux_mlkem768_portable.h:7089:1: error: unused function 'libcrux_ml_kem_serialize_deserialize_ring_elements_reduced_out_closure_1b' [-Werror,-Wunused-function]
 7089 | libcrux_ml_kem_serialize_deserialize_ring_elements_reduced_out_closure_1b(
      | ^~~~~~~~~~~~~~~~~~~~~~~~~~~~~~~~~~~~~~~~~~~~~~~~~~~~~~~~~~~~~~~~~~~~~~~~~
/home/franziskus/libcrux/libcrux-ml-kem/cg/libcrux_mlkem768_portable.h:7178:29: error: unused function 'libcrux_ml_kem_mlkem768_portable_validate_public_key' [-Werror,-Wunused-function]
 7178 | static KRML_MUSTINLINE bool libcrux_ml_kem_mlkem768_portable_validate_public_key(
      |                             ^~~~~~~~~~~~~~~~~~~~~~~~~~~~~~~~~~~~~~~~~~~~~~~~~~~~
/home/franziskus/libcrux/libcrux-ml-kem/cg/libcrux_mlkem768_portable.h:7337:29: error: unused function 'libcrux_ml_kem_mlkem768_portable_unpacked_decapsulate' [-Werror,-Wunused-function]
 7337 | static KRML_MUSTINLINE void libcrux_ml_kem_mlkem768_portable_unpacked_decapsulate(
      |                             ^~~~~~~~~~~~~~~~~~~~~~~~~~~~~~~~~~~~~~~~~~~~~~~~~~~~~
/home/franziskus/libcrux/libcrux-ml-kem/cg/libcrux_mlkem768_portable.h:7469:33: error: unused function 'libcrux_ml_kem_mlkem768_portable_unpacked_encapsulate' [-Werror,-Wunused-function]
 7469 | static KRML_MUSTINLINE tuple_c2 libcrux_ml_kem_mlkem768_portable_unpacked_encapsulate(
      |                                 ^~~~~~~~~~~~~~~~~~~~~~~~~~~~~~~~~~~~~~~~~~~~~~~~~~~~~
/home/franziskus/libcrux/libcrux-ml-kem/cg/libcrux_mlkem768_portable.h:7488:1: error: unused function 'libcrux_ml_kem_ind_cca_unpacked_transpose_a_closure_closure_1b' [-Werror,-Wunused-function]
 7488 | libcrux_ml_kem_ind_cca_unpacked_transpose_a_closure_closure_1b(size_t _j) {
      | ^~~~~~~~~~~~~~~~~~~~~~~~~~~~~~~~~~~~~~~~~~~~~~~~~~~~~~~~~~~~~~
/home/franziskus/libcrux/libcrux-ml-kem/cg/libcrux_mlkem768_portable.h:7710:1: error: unused function 'libcrux_ml_kem_mlkem768_portable_unpacked_generate_key_pair' [-Werror,-Wunused-function]
 7710 | libcrux_ml_kem_mlkem768_portable_unpacked_generate_key_pair(
      | ^~~~~~~~~~~~~~~~~~~~~~~~~~~~~~~~~~~~~~~~~~~~~~~~~~~~~~~~~~~
/home/franziskus/libcrux/libcrux-ml-kem/cg/libcrux_mlkem768_portable.h:7725:1: error: unused function 'libcrux_ml_kem_mlkem768_portable_unpacked_init_key_pair' [-Werror,-Wunused-function]
 7725 | libcrux_ml_kem_mlkem768_portable_unpacked_init_key_pair(void) {
      | ^~~~~~~~~~~~~~~~~~~~~~~~~~~~~~~~~~~~~~~~~~~~~~~~~~~~~~~
/home/franziskus/libcrux/libcrux-ml-kem/cg/libcrux_mlkem768_portable.h:7733:1: error: unused function 'libcrux_ml_kem_mlkem768_portable_unpacked_init_public_key' [-Werror,-Wunused-function]
 7733 | libcrux_ml_kem_mlkem768_portable_unpacked_init_public_key(void) {
      | ^~~~~~~~~~~~~~~~~~~~~~~~~~~~~~~~~~~~~~~~~~~~~~~~~~~~~~~~~
/home/franziskus/libcrux/libcrux-ml-kem/cg/libcrux_mlkem768_portable.h:7816:1: error: unused function 'libcrux_ml_kem_mlkem768_portable_unpacked_key_pair_from_private_mut' [-Werror,-Wunused-function]
 7816 | libcrux_ml_kem_mlkem768_portable_unpacked_key_pair_from_private_mut(
      | ^~~~~~~~~~~~~~~~~~~~~~~~~~~~~~~~~~~~~~~~~~~~~~~~~~~~~~~~~~~~~~~~~~~
/home/franziskus/libcrux/libcrux-ml-kem/cg/libcrux_mlkem768_portable.h:7885:1: error: unused function 'libcrux_ml_kem_mlkem768_portable_unpacked_key_pair_serialized_private_key' [-Werror,-Wunused-function]
 7885 | libcrux_ml_kem_mlkem768_portable_unpacked_key_pair_serialized_private_key(
      | ^~~~~~~~~~~~~~~~~~~~~~~~~~~~~~~~~~~~~~~~~~~~~~~~~~~~~~~~~~~~~~~~~~~~~~~~~
/home/franziskus/libcrux/libcrux-ml-kem/cg/libcrux_mlkem768_portable.h:7895:1: error: unused function 'libcrux_ml_kem_mlkem768_portable_unpacked_key_pair_serialized_private_key_mut' [-Werror,-Wunused-function]
 7895 | libcrux_ml_kem_mlkem768_portable_unpacked_key_pair_serialized_private_key_mut(
      | ^~~~~~~~~~~~~~~~~~~~~~~~~~~~~~~~~~~~~~~~~~~~~~~~~~~~~~~~~~~~~~~~~~~~~~~~~~~~~
/home/franziskus/libcrux/libcrux-ml-kem/cg/libcrux_mlkem768_portable.h:7948:1: error: unused function 'libcrux_ml_kem_mlkem768_portable_unpacked_key_pair_serialized_public_key' [-Werror,-Wunused-function]
 7948 | libcrux_ml_kem_mlkem768_portable_unpacked_key_pair_serialized_public_key(
      | ^~~~~~~~~~~~~~~~~~~~~~~~~~~~~~~~~~~~~~~~~~~~~~~~~~~~~~~~~~~~~~~~~~~~~~~~
/home/franziskus/libcrux/libcrux-ml-kem/cg/libcrux_mlkem768_portable.h:8001:1: error: unused function 'libcrux_ml_kem_mlkem768_portable_unpacked_key_pair_serialized_public_key_mut' [-Werror,-Wunused-function]
 8001 | libcrux_ml_kem_mlkem768_portable_unpacked_key_pair_serialized_public_key_mut(
      | ^~~~~~~~~~~~~~~~~~~~~~~~~~~~~~~~~~~~~~~~~~~~~~~~~~~~~~~~~~~~~~~~~~~~~~~~~~~~
/home/franziskus/libcrux/libcrux-ml-kem/cg/libcrux_mlkem768_portable.h:8088:29: error: unused function 'libcrux_ml_kem_mlkem768_portable_unpacked_public_key' [-Werror,-Wunused-function]
 8088 | static KRML_MUSTINLINE void libcrux_ml_kem_mlkem768_portable_unpacked_public_key(
      |                             ^~~~~~~~~~~~~~~~~~~~~~~~~~~~~~~~~~~~~~~~~~~~~~~~~~~~
/home/franziskus/libcrux/libcrux-ml-kem/cg/libcrux_mlkem768_portable.h:8101:1: error: unused function 'libcrux_ml_kem_mlkem768_portable_unpacked_serialized_public_key' [-Werror,-Wunused-function]
 8101 | libcrux_ml_kem_mlkem768_portable_unpacked_serialized_public_key(
      | ^~~~~~~~~~~~~~~~~~~~~~~~~~~~~~~~~~~~~~~~~~~~~~~~~~~~~~~~~~~~~~~
/home/franziskus/libcrux/libcrux-ml-kem/cg/libcrux_mlkem768_portable.h:8176:1: error: unused function 'libcrux_ml_kem_mlkem768_portable_unpacked_unpacked_public_key' [-Werror,-Wunused-function]
 8176 | libcrux_ml_kem_mlkem768_portable_unpacked_unpacked_public_key(
      | ^~~~~~~~~~~~~~~~~~~~~~~~~~~~~~~~~~~~~~~~~~~~~~~~~~~~~~~~~~~~~
/home/franziskus/libcrux/libcrux-ml-kem/cg/libcrux_mlkem768_portable.h:8189:1: error: unused function 'libcrux_ml_kem_vector_portable_vector_type_clone_3b' [-Werror,-Wunused-function]
 8189 | libcrux_ml_kem_vector_portable_vector_type_clone_3b(
      | ^~~~~~~~~~~~~~~~~~~~~~~~~~~~~~~~~~~~~~~~~~~~~~~~~~~
/home/franziskus/libcrux/libcrux-ml-kem/cg/libcrux_mlkem768_portable.h:8198:29: error: unused function 'libcrux_ml_kem_vector_portable_repr_94' [-Werror,-Wunused-function]
 8198 | static KRML_MUSTINLINE void libcrux_ml_kem_vector_portable_repr_94(
      |                             ^~~~~~~~~~~~~~~~~~~~~~~~~~~~~~~~~~~~~~
In file included from /home/franziskus/libcrux/libcrux-ml-kem/cg/tests/kyber768.cc:77:
In file included from /home/franziskus/libcrux/libcrux-ml-kem/cg/libcrux_mlkem768_avx2.h:26:
/home/franziskus/libcrux/libcrux-ml-kem/cg/libcrux_sha3_avx2.h:2508:1: error: unused function 'libcrux_sha3_avx2_x4_incremental_shake128_squeeze_first_five_blocks' [-Werror,-Wunused-function]
 2508 | libcrux_sha3_avx2_x4_incremental_shake128_squeeze_first_five_blocks(
      | ^~~~~~~~~~~~~~~~~~~~~~~~~~~~~~~~~~~~~~~~~~~~~~~~~~~~~~~~~~~~~~~~~~~
/home/franziskus/libcrux/libcrux-ml-kem/cg/libcrux_sha3_avx2.h:2520:1: error: unused function 'libcrux_sha3_avx2_x4_incremental_shake256_absorb_final' [-Werror,-Wunused-function]
 2520 | libcrux_sha3_avx2_x4_incremental_shake256_absorb_final(
      | ^~~~~~~~~~~~~~~~~~~~~~~~~~~~~~~~~~~~~~~~~~~~~~~~~~~~~~
/home/franziskus/libcrux/libcrux-ml-kem/cg/libcrux_sha3_avx2.h:2532:1: error: unused function 'libcrux_sha3_avx2_x4_incremental_shake256_squeeze_first_block' [-Werror,-Wunused-function]
 2532 | libcrux_sha3_avx2_x4_incremental_shake256_squeeze_first_block(
      | ^~~~~~~~~~~~~~~~~~~~~~~~~~~~~~~~~~~~~~~~~~~~~~~~~~~~~~~~~~~~~
/home/franziskus/libcrux/libcrux-ml-kem/cg/libcrux_sha3_avx2.h:2544:1: error: unused function 'libcrux_sha3_avx2_x4_incremental_shake256_squeeze_next_block' [-Werror,-Wunused-function]
 2544 | libcrux_sha3_avx2_x4_incremental_shake256_squeeze_next_block(
      | ^~~~~~~~~~~~~~~~~~~~~~~~~~~~~~~~~~~~~~~~~~~~~~~~~~~~~~~~~~~~
In file included from /home/franziskus/libcrux/libcrux-ml-kem/cg/tests/kyber768.cc:77:
/home/franziskus/libcrux/libcrux-ml-kem/cg/libcrux_mlkem768_avx2.h:93:29: error: unused function 'libcrux_ml_kem_vector_avx2_to_i16_array_9a' [-Werror,-Wunused-function]
   93 | static KRML_MUSTINLINE void libcrux_ml_kem_vector_avx2_to_i16_array_9a(
      |                             ^~~~~~~~~~~~~~~~~~~~~~~~~~~~~~~~~~~~~~~~~~
/home/franziskus/libcrux/libcrux-ml-kem/cg/libcrux_mlkem768_avx2.h:111:1: error: unused function 'libcrux_ml_kem_vector_avx2_from_bytes_9a' [-Werror,-Wunused-function]
  111 | libcrux_ml_kem_vector_avx2_from_bytes_9a(Eurydice_slice array) {
      | ^~~~~~~~~~~~~~~~~~~~~~~~~~~~~~~~~~~~~~~~
/home/franziskus/libcrux/libcrux-ml-kem/cg/libcrux_mlkem768_avx2.h:127:29: error: unused function 'libcrux_ml_kem_vector_avx2_to_bytes_9a' [-Werror,-Wunused-function]
  127 | static KRML_MUSTINLINE void libcrux_ml_kem_vector_avx2_to_bytes_9a(
      |                             ^~~~~~~~~~~~~~~~~~~~~~~~~~~~~~~~~~~~~~
/home/franziskus/libcrux/libcrux-ml-kem/cg/libcrux_mlkem768_avx2.h:1467:1: error: unused function 'libcrux_ml_kem_ind_cpa_deserialize_vector_closure_ab' [-Werror,-Wunused-function]
 1467 | libcrux_ml_kem_ind_cpa_deserialize_vector_closure_ab(size_t _) {
      | ^~~~~~~~~~~~~~~~~~~~~~~~~~~~~~~~~~~~~~~~~~~~~~~~~~~~
/home/franziskus/libcrux/libcrux-ml-kem/cg/libcrux_mlkem768_avx2.h:1547:1: error: unused function 'libcrux_ml_kem_ind_cpa_deserialize_then_decompress_u_closure_ed' [-Werror,-Wunused-function]
 1547 | libcrux_ml_kem_ind_cpa_deserialize_then_decompress_u_closure_ed(size_t _) {
      | ^~~~~~~~~~~~~~~~~~~~~~~~~~~~~~~~~~~~~~~~~~~~~~~~~~~~~~~~~~~~~~~
/home/franziskus/libcrux/libcrux-ml-kem/cg/libcrux_mlkem768_avx2.h:1716:1: error: unused function 'libcrux_ml_kem_serialize_deserialize_then_decompress_11_79' [-Werror,-Wunused-function]
 1716 | libcrux_ml_kem_serialize_deserialize_then_decompress_11_79(
      | ^~~~~~~~~~~~~~~~~~~~~~~~~~~~~~~~~~~~~~~~~~~~~~~~~~~~~~~~~~
/home/franziskus/libcrux/libcrux-ml-kem/cg/libcrux_mlkem768_avx2.h:2142:1: error: unused function 'libcrux_ml_kem_serialize_deserialize_then_decompress_5_79' [-Werror,-Wunused-function]
 2142 | libcrux_ml_kem_serialize_deserialize_then_decompress_5_79(
      | ^~~~~~~~~~~~~~~~~~~~~~~~~~~~~~~~~~~~~~~~~~~~~~~~~~~~~~~~~
/home/franziskus/libcrux/libcrux-ml-kem/cg/libcrux_mlkem768_avx2.h:3388:1: error: unused function 'libcrux_ml_kem_ind_cpa_sample_vector_cbd_then_ntt_out_closure_b4' [-Werror,-Wunused-function]
 3388 | libcrux_ml_kem_ind_cpa_sample_vector_cbd_then_ntt_out_closure_b4(size_t _i) {
      | ^~~~~~~~~~~~~~~~~~~~~~~~~~~~~~~~~~~~~~~~~~~~~~~~~~~~~~~~~~~~~~~~
/home/franziskus/libcrux/libcrux-ml-kem/cg/libcrux_mlkem768_avx2.h:3547:1: error: unused function 'libcrux_ml_kem_sampling_sample_from_binomial_distribution_3_79' [-Werror,-Wunused-function]
 3547 | libcrux_ml_kem_sampling_sample_from_binomial_distribution_3_79(
      | ^~~~~~~~~~~~~~~~~~~~~~~~~~~~~~~~~~~~~~~~~~~~~~~~~~~~~~~~~~~~~~
/home/franziskus/libcrux/libcrux-ml-kem/cg/libcrux_mlkem768_avx2.h:3729:1: error: unused function 'libcrux_ml_kem_ind_cpa_sample_ring_element_cbd_closure_b4' [-Werror,-Wunused-function]
 3729 | libcrux_ml_kem_ind_cpa_sample_ring_element_cbd_closure_b4(size_t _i) {
      | ^~~~~~~~~~~~~~~~~~~~~~~~~~~~~~~~~~~~~~~~~~~~~~~~~~~~~~~~~
/home/franziskus/libcrux/libcrux-ml-kem/cg/libcrux_mlkem768_avx2.h:3821:1: error: unused function 'libcrux_ml_kem_matrix_compute_vector_u_closure_ab' [-Werror,-Wunused-function]
 3821 | libcrux_ml_kem_matrix_compute_vector_u_closure_ab(size_t _i) {
      | ^~~~~~~~~~~~~~~~~~~~~~~~~~~~~~~~~~~~~~~~~~~~~~~~~
/home/franziskus/libcrux/libcrux-ml-kem/cg/libcrux_mlkem768_avx2.h:4110:1: error: unused function 'libcrux_ml_kem_serialize_compress_then_serialize_11_0e' [-Werror,-Wunused-function]
 4110 | libcrux_ml_kem_serialize_compress_then_serialize_11_0e(
      | ^~~~~~~~~~~~~~~~~~~~~~~~~~~~~~~~~~~~~~~~~~~~~~~~~~~~~~
/home/franziskus/libcrux/libcrux-ml-kem/cg/libcrux_mlkem768_avx2.h:4560:1: error: unused function 'libcrux_ml_kem_serialize_compress_then_serialize_5_79' [-Werror,-Wunused-function]
 4560 | libcrux_ml_kem_serialize_compress_then_serialize_5_79(
      | ^~~~~~~~~~~~~~~~~~~~~~~~~~~~~~~~~~~~~~~~~~~~~~~~~~~~~
/home/franziskus/libcrux/libcrux-ml-kem/cg/libcrux_mlkem768_avx2.h:4920:29: error: unused function 'libcrux_ml_kem_mlkem768_avx2_decapsulate' [-Werror,-Wunused-function]
 4920 | static KRML_MUSTINLINE void libcrux_ml_kem_mlkem768_avx2_decapsulate(
      |                             ^~~~~~~~~~~~~~~~~~~~~~~~~~~~~~~~~~~~~~~~
/home/franziskus/libcrux/libcrux-ml-kem/cg/libcrux_mlkem768_avx2.h:5104:33: error: unused function 'libcrux_ml_kem_mlkem768_avx2_encapsulate' [-Werror,-Wunused-function]
 5104 | static KRML_MUSTINLINE tuple_c2 libcrux_ml_kem_mlkem768_avx2_encapsulate(
      |                                 ^~~~~~~~~~~~~~~~~~~~~~~~~~~~~~~~~~~~~~~~
/home/franziskus/libcrux/libcrux-ml-kem/cg/libcrux_mlkem768_avx2.h:6337:1: error: unused function 'libcrux_ml_kem_mlkem768_avx2_kyber_generate_key_pair' [-Werror,-Wunused-function]
 6337 | libcrux_ml_kem_mlkem768_avx2_kyber_generate_key_pair(uint8_t randomness[64U]) {
      | ^~~~~~~~~~~~~~~~~~~~~~~~~~~~~~~~~~~~~~~~~~~~~~~~~~~~
/home/franziskus/libcrux/libcrux-ml-kem/cg/libcrux_mlkem768_avx2.h:6435:29: error: unused function 'libcrux_ml_kem_mlkem768_avx2_validate_private_key' [-Werror,-Wunused-function]
 6435 | static KRML_MUSTINLINE bool libcrux_ml_kem_mlkem768_avx2_validate_private_key(
      |                             ^~~~~~~~~~~~~~~~~~~~~~~~~~~~~~~~~~~~~~~~~~~~~~~~~
/home/franziskus/libcrux/libcrux-ml-kem/cg/libcrux_mlkem768_avx2.h:6465:29: error: unused function 'libcrux_ml_kem_mlkem768_avx2_validate_private_key_only' [-Werror,-Wunused-function]
 6465 | static KRML_MUSTINLINE bool libcrux_ml_kem_mlkem768_avx2_validate_private_key_only(
      |                             ^~~~~~~~~~~~~~~~~~~~~~~~~~~~~~~~~~~~~~~~~~~~~~~~~~~~~~
/home/franziskus/libcrux/libcrux-ml-kem/cg/libcrux_mlkem768_avx2.h:6479:1: error: unused function 'libcrux_ml_kem_serialize_deserialize_ring_elements_reduced_out_closure_ab' [-Werror,-Wunused-function]
 6479 | libcrux_ml_kem_serialize_deserialize_ring_elements_reduced_out_closure_ab(
      | ^~~~~~~~~~~~~~~~~~~~~~~~~~~~~~~~~~~~~~~~~~~~~~~~~~~~~~~~~~~~~~~~~~~~~~~~~
/home/franziskus/libcrux/libcrux-ml-kem/cg/libcrux_mlkem768_avx2.h:6584:29: error: unused function 'libcrux_ml_kem_mlkem768_avx2_validate_public_key' [-Werror,-Wunused-function]
 6584 | static KRML_MUSTINLINE bool libcrux_ml_kem_mlkem768_avx2_validate_public_key(
      |                             ^~~~~~~~~~~~~~~~~~~~~~~~~~~~~~~~~~~~~~~~~~~~~~~~
/home/franziskus/libcrux/libcrux-ml-kem/cg/libcrux_mlkem768_avx2.h:6771:29: error: unused function 'libcrux_ml_kem_mlkem768_avx2_unpacked_decapsulate' [-Werror,-Wunused-function]
 6771 | static KRML_MUSTINLINE void libcrux_ml_kem_mlkem768_avx2_unpacked_decapsulate(
      |                             ^~~~~~~~~~~~~~~~~~~~~~~~~~~~~~~~~~~~~~~~~~~~~~~~~
/home/franziskus/libcrux/libcrux-ml-kem/cg/libcrux_mlkem768_avx2.h:6937:33: error: unused function 'libcrux_ml_kem_mlkem768_avx2_unpacked_encapsulate' [-Werror,-Wunused-function]
 6937 | static KRML_MUSTINLINE tuple_c2 libcrux_ml_kem_mlkem768_avx2_unpacked_encapsulate(
      |                                 ^~~~~~~~~~~~~~~~~~~~~~~~~~~~~~~~~~~~~~~~~~~~~~~~~
/home/franziskus/libcrux/libcrux-ml-kem/cg/libcrux_mlkem768_avx2.h:6957:1: error: unused function 'libcrux_ml_kem_ind_cca_unpacked_transpose_a_closure_closure_ab' [-Werror,-Wunused-function]
 6957 | libcrux_ml_kem_ind_cca_unpacked_transpose_a_closure_closure_ab(size_t _j) {
      | ^~~~~~~~~~~~~~~~~~~~~~~~~~~~~~~~~~~~~~~~~~~~~~~~~~~~~~~~~~~~~~
/home/franziskus/libcrux/libcrux-ml-kem/cg/libcrux_mlkem768_avx2.h:7206:1: error: unused function 'libcrux_ml_kem_mlkem768_avx2_unpacked_generate_key_pair' [-Werror,-Wunused-function]
 7206 | libcrux_ml_kem_mlkem768_avx2_unpacked_generate_key_pair(
      | ^~~~~~~~~~~~~~~~~~~~~~~~~~~~~~~~~~~~~~~~~~~~~~~~~~~~~~~
/home/franziskus/libcrux/libcrux-ml-kem/cg/libcrux_mlkem768_avx2.h:7222:1: error: unused function 'libcrux_ml_kem_mlkem768_avx2_unpacked_init_key_pair' [-Werror,-Wunused-function]
 7222 | libcrux_ml_kem_mlkem768_avx2_unpacked_init_key_pair(void) {
      | ^~~~~~~~~~~~~~~~~~~~~~~~~~~~~~~~~~~~~~~~~~~~~~~~~~~
/home/franziskus/libcrux/libcrux-ml-kem/cg/libcrux_mlkem768_avx2.h:7231:1: error: unused function 'libcrux_ml_kem_mlkem768_avx2_unpacked_init_public_key' [-Werror,-Wunused-function]
 7231 | libcrux_ml_kem_mlkem768_avx2_unpacked_init_public_key(void) {
      | ^~~~~~~~~~~~~~~~~~~~~~~~~~~~~~~~~~~~~~~~~~~~~~~~~~~~~
/home/franziskus/libcrux/libcrux-ml-kem/cg/libcrux_mlkem768_avx2.h:7459:1: error: unused function 'libcrux_ml_kem_mlkem768_avx2_unpacked_key_pair_from_private_mut' [-Werror,-Wunused-function]
 7459 | libcrux_ml_kem_mlkem768_avx2_unpacked_key_pair_from_private_mut(
      | ^~~~~~~~~~~~~~~~~~~~~~~~~~~~~~~~~~~~~~~~~~~~~~~~~~~~~~~~~~~~~~~
/home/franziskus/libcrux/libcrux-ml-kem/cg/libcrux_mlkem768_avx2.h:7530:1: error: unused function 'libcrux_ml_kem_mlkem768_avx2_unpacked_key_pair_serialized_private_key' [-Werror,-Wunused-function]
 7530 | libcrux_ml_kem_mlkem768_avx2_unpacked_key_pair_serialized_private_key(
      | ^~~~~~~~~~~~~~~~~~~~~~~~~~~~~~~~~~~~~~~~~~~~~~~~~~~~~~~~~~~~~~~~~~~~~
/home/franziskus/libcrux/libcrux-ml-kem/cg/libcrux_mlkem768_avx2.h:7540:1: error: unused function 'libcrux_ml_kem_mlkem768_avx2_unpacked_key_pair_serialized_private_key_mut' [-Werror,-Wunused-function]
 7540 | libcrux_ml_kem_mlkem768_avx2_unpacked_key_pair_serialized_private_key_mut(
      | ^~~~~~~~~~~~~~~~~~~~~~~~~~~~~~~~~~~~~~~~~~~~~~~~~~~~~~~~~~~~~~~~~~~~~~~~~
/home/franziskus/libcrux/libcrux-ml-kem/cg/libcrux_mlkem768_avx2.h:7596:1: error: unused function 'libcrux_ml_kem_mlkem768_avx2_unpacked_key_pair_serialized_public_key' [-Werror,-Wunused-function]
 7596 | libcrux_ml_kem_mlkem768_avx2_unpacked_key_pair_serialized_public_key(
      | ^~~~~~~~~~~~~~~~~~~~~~~~~~~~~~~~~~~~~~~~~~~~~~~~~~~~~~~~~~~~~~~~~~~~
/home/franziskus/libcrux/libcrux-ml-kem/cg/libcrux_mlkem768_avx2.h:7651:1: error: unused function 'libcrux_ml_kem_mlkem768_avx2_unpacked_key_pair_serialized_public_key_mut' [-Werror,-Wunused-function]
 7651 | libcrux_ml_kem_mlkem768_avx2_unpacked_key_pair_serialized_public_key_mut(
      | ^~~~~~~~~~~~~~~~~~~~~~~~~~~~~~~~~~~~~~~~~~~~~~~~~~~~~~~~~~~~~~~~~~~~~~~~
/home/franziskus/libcrux/libcrux-ml-kem/cg/libcrux_mlkem768_avx2.h:7742:29: error: unused function 'libcrux_ml_kem_mlkem768_avx2_unpacked_public_key' [-Werror,-Wunused-function]
 7742 | static KRML_MUSTINLINE void libcrux_ml_kem_mlkem768_avx2_unpacked_public_key(
      |                             ^~~~~~~~~~~~~~~~~~~~~~~~~~~~~~~~~~~~~~~~~~~~~~~~
/home/franziskus/libcrux/libcrux-ml-kem/cg/libcrux_mlkem768_avx2.h:7755:29: error: unused function 'libcrux_ml_kem_mlkem768_avx2_unpacked_serialized_public_key' [-Werror,-Wunused-function]
 7755 | static KRML_MUSTINLINE void libcrux_ml_kem_mlkem768_avx2_unpacked_serialized_public_key(
      |                             ^~~~~~~~~~~~~~~~~~~~~~~~~~~~~~~~~~~~~~~~~~~~~~~~~~~~~~~~~~~
/home/franziskus/libcrux/libcrux-ml-kem/cg/libcrux_mlkem768_avx2.h:7853:29: error: unused function 'libcrux_ml_kem_mlkem768_avx2_unpacked_unpacked_public_key' [-Werror,-Wunused-function]
 7853 | static KRML_MUSTINLINE void libcrux_ml_kem_mlkem768_avx2_unpacked_unpacked_public_key(
      |                             ^~~~~~~~~~~~~~~~~~~~~~~~~~~~~~~~~~~~~~~~~~~~~~~~~~~~~~~~~
/home/franziskus/libcrux/libcrux-ml-kem/cg/libcrux_mlkem768_avx2.h:7866:32: error: unused function 'libcrux_ml_kem_vector_avx2_clone_3a' [-Werror,-Wunused-function]
 7866 | static KRML_MUSTINLINE __m256i libcrux_ml_kem_vector_avx2_clone_3a(__m256i *self) {
      |                                ^~~~~~~~~~~~~~~~~~~~~~~~~~~~~~~~~~~
/home/franziskus/libcrux/libcrux-ml-kem/cg/libcrux_mlkem768_avx2.h:7875:29: error: unused function 'libcrux_ml_kem_vector_avx2_repr_11' [-Werror,-Wunused-function]
 7875 | static KRML_MUSTINLINE void libcrux_ml_kem_vector_avx2_repr_11(__m256i x,
      |                             ^~~~~~~~~~~~~~~~~~~~~~~~~~~~~~~~~~
110 errors generated.
[5/14] Building CXX object _deps/googletest-build/googlemock/CMakeFiles/gmock.dir/Debug/src/gmock-all.cc.o
[6/14] Building CXX object CMakeFiles/ml_kem_test.dir/Debug/tests/mlkem768.cc.o
FAILED: CMakeFiles/ml_kem_test.dir/Debug/tests/mlkem768.cc.o 
/usr/bin/clang++-18 -DJSON_DIAGNOSTICS=0 -DJSON_USE_IMPLICIT_CONVERSIONS=1 -DLIBCRUX_X64 -DCMAKE_INTDIR=\"Debug\" -I/home/franziskus/libcrux/libcrux-ml-kem/cg -I/home/franziskus/libcrux/libcrux-ml-kem/cg/internal -I/home/franziskus/libcrux/libcrux-ml-kem/cg/karamel/include -I/home/franziskus/libcrux/libcrux-ml-kem/cg/build/_deps/json-src/single_include -isystem /home/franziskus/libcrux/libcrux-ml-kem/cg/build/_deps/googletest-src/googletest/include -isystem /home/franziskus/libcrux/libcrux-ml-kem/cg/build/_deps/googletest-src/googletest -g -Wall -fstack-usage -Wunused-function -ferror-limit=1000 -g -Og -Werror -Wframe-larger-than=25344 -std=gnu++20 -MD -MT CMakeFiles/ml_kem_test.dir/Debug/tests/mlkem768.cc.o -MF CMakeFiles/ml_kem_test.dir/Debug/tests/mlkem768.cc.o.d -o CMakeFiles/ml_kem_test.dir/Debug/tests/mlkem768.cc.o -c /home/franziskus/libcrux/libcrux-ml-kem/cg/tests/mlkem768.cc
In file included from /home/franziskus/libcrux/libcrux-ml-kem/cg/tests/mlkem768.cc:9:
In file included from /home/franziskus/libcrux/libcrux-ml-kem/cg/tests/util.h:6:
In file included from /home/franziskus/libcrux/libcrux-ml-kem/cg/libcrux_mlkem768_portable.h:24:
/home/franziskus/libcrux/libcrux-ml-kem/cg/libcrux_sha3_portable.h:2362:31: error: unused function 'libcrux_sha3_digest_size' [-Werror,-Wunused-function]
 2362 | static KRML_MUSTINLINE size_t libcrux_sha3_digest_size(libcrux_sha3_Algorithm mode) {
      |                               ^~~~~~~~~~~~~~~~~~~~~~~~
/home/franziskus/libcrux/libcrux-ml-kem/cg/libcrux_sha3_portable.h:3105:29: error: unused function 'libcrux_sha3_sha224' [-Werror,-Wunused-function]
 3105 | static KRML_MUSTINLINE void libcrux_sha3_sha224(Eurydice_slice data,
      |                             ^~~~~~~~~~~~~~~~~~~
/home/franziskus/libcrux/libcrux-ml-kem/cg/libcrux_sha3_portable.h:3143:29: error: unused function 'libcrux_sha3_sha384' [-Werror,-Wunused-function]
 3143 | static KRML_MUSTINLINE void libcrux_sha3_sha384(Eurydice_slice data,
      |                             ^~~~~~~~~~~~~~~~~~~
/home/franziskus/libcrux/libcrux-ml-kem/cg/libcrux_sha3_portable.h:3162:29: error: unused function 'libcrux_sha3_sha512' [-Werror,-Wunused-function]
 3162 | static KRML_MUSTINLINE void libcrux_sha3_sha512(Eurydice_slice data,
      |                             ^~~~~~~~~~~~~~~~~~~
/home/franziskus/libcrux/libcrux-ml-kem/cg/libcrux_sha3_portable.h:3391:29: error: unused function 'libcrux_sha3_shake128_ema' [-Werror,-Wunused-function]
 3391 | static KRML_MUSTINLINE void libcrux_sha3_shake128_ema(Eurydice_slice out,
      |                             ^~~~~~~~~~~~~~~~~~~~~~~~~
/home/franziskus/libcrux/libcrux-ml-kem/cg/libcrux_sha3_portable.h:3401:29: error: unused function 'libcrux_sha3_shake256_ema' [-Werror,-Wunused-function]
 3401 | static KRML_MUSTINLINE void libcrux_sha3_shake256_ema(Eurydice_slice out,
      |                             ^~~~~~~~~~~~~~~~~~~~~~~~~
/home/franziskus/libcrux/libcrux-ml-kem/cg/libcrux_sha3_portable.h:3423:29: error: unused function 'libcrux_sha3_neon_sha224' [-Werror,-Wunused-function]
 3423 | static KRML_MUSTINLINE void libcrux_sha3_neon_sha224(Eurydice_slice digest,
      |                             ^~~~~~~~~~~~~~~~~~~~~~~~
/home/franziskus/libcrux/libcrux-ml-kem/cg/libcrux_sha3_portable.h:3433:29: error: unused function 'libcrux_sha3_neon_sha256' [-Werror,-Wunused-function]
 3433 | static KRML_MUSTINLINE void libcrux_sha3_neon_sha256(Eurydice_slice digest,
      |                             ^~~~~~~~~~~~~~~~~~~~~~~~
/home/franziskus/libcrux/libcrux-ml-kem/cg/libcrux_sha3_portable.h:3443:29: error: unused function 'libcrux_sha3_neon_sha384' [-Werror,-Wunused-function]
 3443 | static KRML_MUSTINLINE void libcrux_sha3_neon_sha384(Eurydice_slice digest,
      |                             ^~~~~~~~~~~~~~~~~~~~~~~~
/home/franziskus/libcrux/libcrux-ml-kem/cg/libcrux_sha3_portable.h:3453:29: error: unused function 'libcrux_sha3_neon_sha512' [-Werror,-Wunused-function]
 3453 | static KRML_MUSTINLINE void libcrux_sha3_neon_sha512(Eurydice_slice digest,
      |                             ^~~~~~~~~~~~~~~~~~~~~~~~
/home/franziskus/libcrux/libcrux-ml-kem/cg/libcrux_sha3_portable.h:3465:29: error: unused function 'libcrux_sha3_neon_x2_shake256' [-Werror,-Wunused-function]
 3465 | static KRML_MUSTINLINE void libcrux_sha3_neon_x2_shake256(Eurydice_slice input0,
      |                             ^~~~~~~~~~~~~~~~~~~~~~~~~~~~~
/home/franziskus/libcrux/libcrux-ml-kem/cg/libcrux_sha3_portable.h:3482:1: error: unused function 'libcrux_sha3_neon_x2_incremental_init' [-Werror,-Wunused-function]
 3482 | libcrux_sha3_neon_x2_incremental_init(void) {
      | ^~~~~~~~~~~~~~~~~~~~~~~~~~~~~~~~~~~~~
/home/franziskus/libcrux/libcrux-ml-kem/cg/libcrux_sha3_portable.h:3492:1: error: unused function 'libcrux_sha3_neon_x2_incremental_shake128_absorb_final' [-Werror,-Wunused-function]
 3492 | libcrux_sha3_neon_x2_incremental_shake128_absorb_final(
      | ^~~~~~~~~~~~~~~~~~~~~~~~~~~~~~~~~~~~~~~~~~~~~~~~~~~~~~
/home/franziskus/libcrux/libcrux-ml-kem/cg/libcrux_sha3_portable.h:3505:1: error: unused function 'libcrux_sha3_neon_x2_incremental_shake128_squeeze_first_three_blocks' [-Werror,-Wunused-function]
 3505 | libcrux_sha3_neon_x2_incremental_shake128_squeeze_first_three_blocks(
      | ^~~~~~~~~~~~~~~~~~~~~~~~~~~~~~~~~~~~~~~~~~~~~~~~~~~~~~~~~~~~~~~~~~~~
/home/franziskus/libcrux/libcrux-ml-kem/cg/libcrux_sha3_portable.h:3518:1: error: unused function 'libcrux_sha3_neon_x2_incremental_shake128_squeeze_next_block' [-Werror,-Wunused-function]
 3518 | libcrux_sha3_neon_x2_incremental_shake128_squeeze_next_block(
      | ^~~~~~~~~~~~~~~~~~~~~~~~~~~~~~~~~~~~~~~~~~~~~~~~~~~~~~~~~~~~
/home/franziskus/libcrux/libcrux-ml-kem/cg/libcrux_sha3_portable.h:3530:1: error: unused function 'libcrux_sha3_neon_x2_incremental_shake128_squeeze_first_five_blocks' [-Werror,-Wunused-function]
 3530 | libcrux_sha3_neon_x2_incremental_shake128_squeeze_first_five_blocks(
      | ^~~~~~~~~~~~~~~~~~~~~~~~~~~~~~~~~~~~~~~~~~~~~~~~~~~~~~~~~~~~~~~~~~~
/home/franziskus/libcrux/libcrux-ml-kem/cg/libcrux_sha3_portable.h:3542:1: error: unused function 'libcrux_sha3_neon_x2_incremental_shake256_absorb_final' [-Werror,-Wunused-function]
 3542 | libcrux_sha3_neon_x2_incremental_shake256_absorb_final(
      | ^~~~~~~~~~~~~~~~~~~~~~~~~~~~~~~~~~~~~~~~~~~~~~~~~~~~~~
/home/franziskus/libcrux/libcrux-ml-kem/cg/libcrux_sha3_portable.h:3554:1: error: unused function 'libcrux_sha3_neon_x2_incremental_shake256_squeeze_first_block' [-Werror,-Wunused-function]
 3554 | libcrux_sha3_neon_x2_incremental_shake256_squeeze_first_block(
      | ^~~~~~~~~~~~~~~~~~~~~~~~~~~~~~~~~~~~~~~~~~~~~~~~~~~~~~~~~~~~~
/home/franziskus/libcrux/libcrux-ml-kem/cg/libcrux_sha3_portable.h:3566:1: error: unused function 'libcrux_sha3_neon_x2_incremental_shake256_squeeze_next_block' [-Werror,-Wunused-function]
 3566 | libcrux_sha3_neon_x2_incremental_shake256_squeeze_next_block(
      | ^~~~~~~~~~~~~~~~~~~~~~~~~~~~~~~~~~~~~~~~~~~~~~~~~~~~~~~~~~~~
/home/franziskus/libcrux/libcrux-ml-kem/cg/libcrux_sha3_portable.h:3619:1: error: unused function 'libcrux_sha3_portable_incremental_shake128_squeeze_first_five_blocks' [-Werror,-Wunused-function]
 3619 | libcrux_sha3_portable_incremental_shake128_squeeze_first_five_blocks(
      | ^~~~~~~~~~~~~~~~~~~~~~~~~~~~~~~~~~~~~~~~~~~~~~~~~~~~~~~~~~~~~~~~~~~~
/home/franziskus/libcrux/libcrux-ml-kem/cg/libcrux_sha3_portable.h:3629:1: error: unused function 'libcrux_sha3_portable_incremental_shake256_absorb_final' [-Werror,-Wunused-function]
 3629 | libcrux_sha3_portable_incremental_shake256_absorb_final(
      | ^~~~~~~~~~~~~~~~~~~~~~~~~~~~~~~~~~~~~~~~~~~~~~~~~~~~~~~
/home/franziskus/libcrux/libcrux-ml-kem/cg/libcrux_sha3_portable.h:3639:1: error: unused function 'libcrux_sha3_portable_incremental_shake256_init' [-Werror,-Wunused-function]
 3639 | libcrux_sha3_portable_incremental_shake256_init(void) {
      | ^~~~~~~~~~~~~~~~~~~~~~~~~~~~~~~~~~~~~~~~~~~~~~~
/home/franziskus/libcrux/libcrux-ml-kem/cg/libcrux_sha3_portable.h:3647:1: error: unused function 'libcrux_sha3_portable_incremental_shake256_squeeze_first_block' [-Werror,-Wunused-function]
 3647 | libcrux_sha3_portable_incremental_shake256_squeeze_first_block(
      | ^~~~~~~~~~~~~~~~~~~~~~~~~~~~~~~~~~~~~~~~~~~~~~~~~~~~~~~~~~~~~~
/home/franziskus/libcrux/libcrux-ml-kem/cg/libcrux_sha3_portable.h:3657:1: error: unused function 'libcrux_sha3_portable_incremental_shake256_squeeze_next_block' [-Werror,-Wunused-function]
 3657 | libcrux_sha3_portable_incremental_shake256_squeeze_next_block(
      | ^~~~~~~~~~~~~~~~~~~~~~~~~~~~~~~~~~~~~~~~~~~~~~~~~~~~~~~~~~~~~
/home/franziskus/libcrux/libcrux-ml-kem/cg/libcrux_sha3_portable.h:3837:29: error: unused function 'libcrux_sha3_portable_incremental_absorb_68' [-Werror,-Wunused-function]
 3837 | static KRML_MUSTINLINE void libcrux_sha3_portable_incremental_absorb_68(
      |                             ^~~~~~~~~~~~~~~~~~~~~~~~~~~~~~~~~~~~~~~~~~~
/home/franziskus/libcrux/libcrux-ml-kem/cg/libcrux_sha3_portable.h:3911:29: error: unused function 'libcrux_sha3_portable_incremental_absorb_final_68' [-Werror,-Wunused-function]
 3911 | static KRML_MUSTINLINE void libcrux_sha3_portable_incremental_absorb_final_68(
      |                             ^~~~~~~~~~~~~~~~~~~~~~~~~~~~~~~~~~~~~~~~~~~~~~~~~
/home/franziskus/libcrux/libcrux-ml-kem/cg/libcrux_sha3_portable.h:3973:1: error: unused function 'libcrux_sha3_portable_incremental_new_68' [-Werror,-Wunused-function]
 3973 | libcrux_sha3_portable_incremental_new_68(void) {
      | ^~~~~~~~~~~~~~~~~~~~~~~~~~~~~~~~~~~~~~~~
/home/franziskus/libcrux/libcrux-ml-kem/cg/libcrux_sha3_portable.h:4089:29: error: unused function 'libcrux_sha3_portable_incremental_squeeze_68' [-Werror,-Wunused-function]
 4089 | static KRML_MUSTINLINE void libcrux_sha3_portable_incremental_squeeze_68(
      |                             ^~~~~~~~~~~~~~~~~~~~~~~~~~~~~~~~~~~~~~~~~~~~
/home/franziskus/libcrux/libcrux-ml-kem/cg/libcrux_sha3_portable.h:4266:29: error: unused function 'libcrux_sha3_portable_incremental_absorb_2f' [-Werror,-Wunused-function]
 4266 | static KRML_MUSTINLINE void libcrux_sha3_portable_incremental_absorb_2f(
      |                             ^~~~~~~~~~~~~~~~~~~~~~~~~~~~~~~~~~~~~~~~~~~
/home/franziskus/libcrux/libcrux-ml-kem/cg/libcrux_sha3_portable.h:4337:29: error: unused function 'libcrux_sha3_portable_incremental_absorb_final_2f' [-Werror,-Wunused-function]
 4337 | static KRML_MUSTINLINE void libcrux_sha3_portable_incremental_absorb_final_2f(
      |                             ^~~~~~~~~~~~~~~~~~~~~~~~~~~~~~~~~~~~~~~~~~~~~~~~~
/home/franziskus/libcrux/libcrux-ml-kem/cg/libcrux_sha3_portable.h:4396:1: error: unused function 'libcrux_sha3_portable_incremental_new_2f' [-Werror,-Wunused-function]
 4396 | libcrux_sha3_portable_incremental_new_2f(void) {
      | ^~~~~~~~~~~~~~~~~~~~~~~~~~~~~~~~~~~~~~~~
/home/franziskus/libcrux/libcrux-ml-kem/cg/libcrux_sha3_portable.h:4512:29: error: unused function 'libcrux_sha3_portable_incremental_squeeze_2f' [-Werror,-Wunused-function]
 4512 | static KRML_MUSTINLINE void libcrux_sha3_portable_incremental_squeeze_2f(
      |                             ^~~~~~~~~~~~~~~~~~~~~~~~~~~~~~~~~~~~~~~~~~~~
/home/franziskus/libcrux/libcrux-ml-kem/cg/libcrux_sha3_portable.h:4523:1: error: unused function 'libcrux_sha3_portable_clone_3d' [-Werror,-Wunused-function]
 4523 | libcrux_sha3_portable_clone_3d(
      | ^~~~~~~~~~~~~~~~~~~~~~~~~~~~~~
/home/franziskus/libcrux/libcrux-ml-kem/cg/libcrux_sha3_portable.h:4532:33: error: unused function 'libcrux_sha3_from_eb' [-Werror,-Wunused-function]
 4532 | static KRML_MUSTINLINE uint32_t libcrux_sha3_from_eb(libcrux_sha3_Algorithm v) {
      |                                 ^~~~~~~~~~~~~~~~~~~~
/home/franziskus/libcrux/libcrux-ml-kem/cg/libcrux_sha3_portable.h:4549:47: error: unused function 'libcrux_sha3_from_2d' [-Werror,-Wunused-function]
 4549 | static KRML_MUSTINLINE libcrux_sha3_Algorithm libcrux_sha3_from_2d(uint32_t v) {
      |                                               ^~~~~~~~~~~~~~~~~~~~
In file included from /home/franziskus/libcrux/libcrux-ml-kem/cg/tests/mlkem768.cc:9:
In file included from /home/franziskus/libcrux/libcrux-ml-kem/cg/tests/util.h:6:
/home/franziskus/libcrux/libcrux-ml-kem/cg/libcrux_mlkem768_portable.h:961:1: error: unused function 'libcrux_ml_kem_vector_portable_from_bytes_2c' [-Werror,-Wunused-function]
  961 | libcrux_ml_kem_vector_portable_from_bytes_2c(Eurydice_slice array) {
      | ^~~~~~~~~~~~~~~~~~~~~~~~~~~~~~~~~~~~~~~~~~~~
/home/franziskus/libcrux/libcrux-ml-kem/cg/libcrux_mlkem768_portable.h:984:29: error: unused function 'libcrux_ml_kem_vector_portable_to_bytes_2c' [-Werror,-Wunused-function]
  984 | static KRML_MUSTINLINE void libcrux_ml_kem_vector_portable_to_bytes_2c(
      |                             ^~~~~~~~~~~~~~~~~~~~~~~~~~~~~~~~~~~~~~~~~~
/home/franziskus/libcrux/libcrux-ml-kem/cg/libcrux_mlkem768_portable.h:2601:1: error: unused function 'libcrux_ml_kem_ind_cpa_deserialize_vector_closure_1b' [-Werror,-Wunused-function]
 2601 | libcrux_ml_kem_ind_cpa_deserialize_vector_closure_1b(size_t _) {
      | ^~~~~~~~~~~~~~~~~~~~~~~~~~~~~~~~~~~~~~~~~~~~~~~~~~~~
/home/franziskus/libcrux/libcrux-ml-kem/cg/libcrux_mlkem768_portable.h:2680:1: error: unused function 'libcrux_ml_kem_ind_cpa_deserialize_then_decompress_u_closure_6c' [-Werror,-Wunused-function]
 2680 | libcrux_ml_kem_ind_cpa_deserialize_then_decompress_u_closure_6c(size_t _) {
      | ^~~~~~~~~~~~~~~~~~~~~~~~~~~~~~~~~~~~~~~~~~~~~~~~~~~~~~~~~~~~~~~
/home/franziskus/libcrux/libcrux-ml-kem/cg/libcrux_mlkem768_portable.h:2793:1: error: unused function 'libcrux_ml_kem_serialize_deserialize_then_decompress_11_96' [-Werror,-Wunused-function]
 2793 | libcrux_ml_kem_serialize_deserialize_then_decompress_11_96(
      | ^~~~~~~~~~~~~~~~~~~~~~~~~~~~~~~~~~~~~~~~~~~~~~~~~~~~~~~~~~
/home/franziskus/libcrux/libcrux-ml-kem/cg/libcrux_mlkem768_portable.h:3168:1: error: unused function 'libcrux_ml_kem_serialize_deserialize_then_decompress_5_96' [-Werror,-Wunused-function]
 3168 | libcrux_ml_kem_serialize_deserialize_then_decompress_5_96(
      | ^~~~~~~~~~~~~~~~~~~~~~~~~~~~~~~~~~~~~~~~~~~~~~~~~~~~~~~~~
/home/franziskus/libcrux/libcrux-ml-kem/cg/libcrux_mlkem768_portable.h:4410:1: error: unused function 'libcrux_ml_kem_ind_cpa_sample_vector_cbd_then_ntt_out_closure_3b' [-Werror,-Wunused-function]
 4410 | libcrux_ml_kem_ind_cpa_sample_vector_cbd_then_ntt_out_closure_3b(size_t _i) {
      | ^~~~~~~~~~~~~~~~~~~~~~~~~~~~~~~~~~~~~~~~~~~~~~~~~~~~~~~~~~~~~~~~
/home/franziskus/libcrux/libcrux-ml-kem/cg/libcrux_mlkem768_portable.h:4549:1: error: unused function 'libcrux_ml_kem_sampling_sample_from_binomial_distribution_3_96' [-Werror,-Wunused-function]
 4549 | libcrux_ml_kem_sampling_sample_from_binomial_distribution_3_96(
      | ^~~~~~~~~~~~~~~~~~~~~~~~~~~~~~~~~~~~~~~~~~~~~~~~~~~~~~~~~~~~~~
/home/franziskus/libcrux/libcrux-ml-kem/cg/libcrux_mlkem768_portable.h:4730:1: error: unused function 'libcrux_ml_kem_ind_cpa_sample_ring_element_cbd_closure_3b' [-Werror,-Wunused-function]
 4730 | libcrux_ml_kem_ind_cpa_sample_ring_element_cbd_closure_3b(size_t _i) {
      | ^~~~~~~~~~~~~~~~~~~~~~~~~~~~~~~~~~~~~~~~~~~~~~~~~~~~~~~~~
/home/franziskus/libcrux/libcrux-ml-kem/cg/libcrux_mlkem768_portable.h:4819:1: error: unused function 'libcrux_ml_kem_matrix_compute_vector_u_closure_1b' [-Werror,-Wunused-function]
 4819 | libcrux_ml_kem_matrix_compute_vector_u_closure_1b(size_t _i) {
      | ^~~~~~~~~~~~~~~~~~~~~~~~~~~~~~~~~~~~~~~~~~~~~~~~~
/home/franziskus/libcrux/libcrux-ml-kem/cg/libcrux_mlkem768_portable.h:5015:1: error: unused function 'libcrux_ml_kem_serialize_compress_then_serialize_11_ff' [-Werror,-Wunused-function]
 5015 | libcrux_ml_kem_serialize_compress_then_serialize_11_ff(
      | ^~~~~~~~~~~~~~~~~~~~~~~~~~~~~~~~~~~~~~~~~~~~~~~~~~~~~~
/home/franziskus/libcrux/libcrux-ml-kem/cg/libcrux_mlkem768_portable.h:5377:1: error: unused function 'libcrux_ml_kem_serialize_compress_then_serialize_5_96' [-Werror,-Wunused-function]
 5377 | libcrux_ml_kem_serialize_compress_then_serialize_5_96(
      | ^~~~~~~~~~~~~~~~~~~~~~~~~~~~~~~~~~~~~~~~~~~~~~~~~~~~~
/home/franziskus/libcrux/libcrux-ml-kem/cg/libcrux_mlkem768_portable.h:6604:29: error: unused function 'libcrux_ml_kem_mlkem768_portable_kyber_decapsulate' [-Werror,-Wunused-function]
 6604 | static KRML_MUSTINLINE void libcrux_ml_kem_mlkem768_portable_kyber_decapsulate(
      |                             ^~~~~~~~~~~~~~~~~~~~~~~~~~~~~~~~~~~~~~~~~~~~~~~~~~
/home/franziskus/libcrux/libcrux-ml-kem/cg/libcrux_mlkem768_portable.h:6740:33: error: unused function 'libcrux_ml_kem_mlkem768_portable_kyber_encapsulate' [-Werror,-Wunused-function]
 6740 | static KRML_MUSTINLINE tuple_c2 libcrux_ml_kem_mlkem768_portable_kyber_encapsulate(
      |                                 ^~~~~~~~~~~~~~~~~~~~~~~~~~~~~~~~~~~~~~~~~~~~~~~~~~
/home/franziskus/libcrux/libcrux-ml-kem/cg/libcrux_mlkem768_portable.h:6966:1: error: unused function 'libcrux_ml_kem_mlkem768_portable_kyber_generate_key_pair' [-Werror,-Wunused-function]
 6966 | libcrux_ml_kem_mlkem768_portable_kyber_generate_key_pair(
      | ^~~~~~~~~~~~~~~~~~~~~~~~~~~~~~~~~~~~~~~~~~~~~~~~~~~~~~~~
/home/franziskus/libcrux/libcrux-ml-kem/cg/libcrux_mlkem768_portable.h:7047:29: error: unused function 'libcrux_ml_kem_mlkem768_portable_validate_private_key' [-Werror,-Wunused-function]
 7047 | static KRML_MUSTINLINE bool libcrux_ml_kem_mlkem768_portable_validate_private_key(
      |                             ^~~~~~~~~~~~~~~~~~~~~~~~~~~~~~~~~~~~~~~~~~~~~~~~~~~~~
/home/franziskus/libcrux/libcrux-ml-kem/cg/libcrux_mlkem768_portable.h:7075:29: error: unused function 'libcrux_ml_kem_mlkem768_portable_validate_private_key_only' [-Werror,-Wunused-function]
 7075 | static KRML_MUSTINLINE bool libcrux_ml_kem_mlkem768_portable_validate_private_key_only(
      |                             ^~~~~~~~~~~~~~~~~~~~~~~~~~~~~~~~~~~~~~~~~~~~~~~~~~~~~~~~~~
/home/franziskus/libcrux/libcrux-ml-kem/cg/libcrux_mlkem768_portable.h:7089:1: error: unused function 'libcrux_ml_kem_serialize_deserialize_ring_elements_reduced_out_closure_1b' [-Werror,-Wunused-function]
 7089 | libcrux_ml_kem_serialize_deserialize_ring_elements_reduced_out_closure_1b(
      | ^~~~~~~~~~~~~~~~~~~~~~~~~~~~~~~~~~~~~~~~~~~~~~~~~~~~~~~~~~~~~~~~~~~~~~~~~
/home/franziskus/libcrux/libcrux-ml-kem/cg/libcrux_mlkem768_portable.h:7178:29: error: unused function 'libcrux_ml_kem_mlkem768_portable_validate_public_key' [-Werror,-Wunused-function]
 7178 | static KRML_MUSTINLINE bool libcrux_ml_kem_mlkem768_portable_validate_public_key(
      |                             ^~~~~~~~~~~~~~~~~~~~~~~~~~~~~~~~~~~~~~~~~~~~~~~~~~~~
/home/franziskus/libcrux/libcrux-ml-kem/cg/libcrux_mlkem768_portable.h:7488:1: error: unused function 'libcrux_ml_kem_ind_cca_unpacked_transpose_a_closure_closure_1b' [-Werror,-Wunused-function]
 7488 | libcrux_ml_kem_ind_cca_unpacked_transpose_a_closure_closure_1b(size_t _j) {
      | ^~~~~~~~~~~~~~~~~~~~~~~~~~~~~~~~~~~~~~~~~~~~~~~~~~~~~~~~~~~~~~
/home/franziskus/libcrux/libcrux-ml-kem/cg/libcrux_mlkem768_portable.h:7710:1: error: unused function 'libcrux_ml_kem_mlkem768_portable_unpacked_generate_key_pair' [-Werror,-Wunused-function]
 7710 | libcrux_ml_kem_mlkem768_portable_unpacked_generate_key_pair(
      | ^~~~~~~~~~~~~~~~~~~~~~~~~~~~~~~~~~~~~~~~~~~~~~~~~~~~~~~~~~~
/home/franziskus/libcrux/libcrux-ml-kem/cg/libcrux_mlkem768_portable.h:7733:1: error: unused function 'libcrux_ml_kem_mlkem768_portable_unpacked_init_public_key' [-Werror,-Wunused-function]
 7733 | libcrux_ml_kem_mlkem768_portable_unpacked_init_public_key(void) {
      | ^~~~~~~~~~~~~~~~~~~~~~~~~~~~~~~~~~~~~~~~~~~~~~~~~~~~~~~~~
/home/franziskus/libcrux/libcrux-ml-kem/cg/libcrux_mlkem768_portable.h:7816:1: error: unused function 'libcrux_ml_kem_mlkem768_portable_unpacked_key_pair_from_private_mut' [-Werror,-Wunused-function]
 7816 | libcrux_ml_kem_mlkem768_portable_unpacked_key_pair_from_private_mut(
      | ^~~~~~~~~~~~~~~~~~~~~~~~~~~~~~~~~~~~~~~~~~~~~~~~~~~~~~~~~~~~~~~~~~~
/home/franziskus/libcrux/libcrux-ml-kem/cg/libcrux_mlkem768_portable.h:7885:1: error: unused function 'libcrux_ml_kem_mlkem768_portable_unpacked_key_pair_serialized_private_key' [-Werror,-Wunused-function]
 7885 | libcrux_ml_kem_mlkem768_portable_unpacked_key_pair_serialized_private_key(
      | ^~~~~~~~~~~~~~~~~~~~~~~~~~~~~~~~~~~~~~~~~~~~~~~~~~~~~~~~~~~~~~~~~~~~~~~~~
/home/franziskus/libcrux/libcrux-ml-kem/cg/libcrux_mlkem768_portable.h:7895:1: error: unused function 'libcrux_ml_kem_mlkem768_portable_unpacked_key_pair_serialized_private_key_mut' [-Werror,-Wunused-function]
 7895 | libcrux_ml_kem_mlkem768_portable_unpacked_key_pair_serialized_private_key_mut(
      | ^~~~~~~~~~~~~~~~~~~~~~~~~~~~~~~~~~~~~~~~~~~~~~~~~~~~~~~~~~~~~~~~~~~~~~~~~~~~~
/home/franziskus/libcrux/libcrux-ml-kem/cg/libcrux_mlkem768_portable.h:7948:1: error: unused function 'libcrux_ml_kem_mlkem768_portable_unpacked_key_pair_serialized_public_key' [-Werror,-Wunused-function]
 7948 | libcrux_ml_kem_mlkem768_portable_unpacked_key_pair_serialized_public_key(
      | ^~~~~~~~~~~~~~~~~~~~~~~~~~~~~~~~~~~~~~~~~~~~~~~~~~~~~~~~~~~~~~~~~~~~~~~~
/home/franziskus/libcrux/libcrux-ml-kem/cg/libcrux_mlkem768_portable.h:8001:1: error: unused function 'libcrux_ml_kem_mlkem768_portable_unpacked_key_pair_serialized_public_key_mut' [-Werror,-Wunused-function]
 8001 | libcrux_ml_kem_mlkem768_portable_unpacked_key_pair_serialized_public_key_mut(
      | ^~~~~~~~~~~~~~~~~~~~~~~~~~~~~~~~~~~~~~~~~~~~~~~~~~~~~~~~~~~~~~~~~~~~~~~~~~~~
/home/franziskus/libcrux/libcrux-ml-kem/cg/libcrux_mlkem768_portable.h:8088:29: error: unused function 'libcrux_ml_kem_mlkem768_portable_unpacked_public_key' [-Werror,-Wunused-function]
 8088 | static KRML_MUSTINLINE void libcrux_ml_kem_mlkem768_portable_unpacked_public_key(
      |                             ^~~~~~~~~~~~~~~~~~~~~~~~~~~~~~~~~~~~~~~~~~~~~~~~~~~~
/home/franziskus/libcrux/libcrux-ml-kem/cg/libcrux_mlkem768_portable.h:8101:1: error: unused function 'libcrux_ml_kem_mlkem768_portable_unpacked_serialized_public_key' [-Werror,-Wunused-function]
 8101 | libcrux_ml_kem_mlkem768_portable_unpacked_serialized_public_key(
      | ^~~~~~~~~~~~~~~~~~~~~~~~~~~~~~~~~~~~~~~~~~~~~~~~~~~~~~~~~~~~~~~
/home/franziskus/libcrux/libcrux-ml-kem/cg/libcrux_mlkem768_portable.h:8176:1: error: unused function 'libcrux_ml_kem_mlkem768_portable_unpacked_unpacked_public_key' [-Werror,-Wunused-function]
 8176 | libcrux_ml_kem_mlkem768_portable_unpacked_unpacked_public_key(
      | ^~~~~~~~~~~~~~~~~~~~~~~~~~~~~~~~~~~~~~~~~~~~~~~~~~~~~~~~~~~~~
/home/franziskus/libcrux/libcrux-ml-kem/cg/libcrux_mlkem768_portable.h:8189:1: error: unused function 'libcrux_ml_kem_vector_portable_vector_type_clone_3b' [-Werror,-Wunused-function]
 8189 | libcrux_ml_kem_vector_portable_vector_type_clone_3b(
      | ^~~~~~~~~~~~~~~~~~~~~~~~~~~~~~~~~~~~~~~~~~~~~~~~~~~
/home/franziskus/libcrux/libcrux-ml-kem/cg/libcrux_mlkem768_portable.h:8198:29: error: unused function 'libcrux_ml_kem_vector_portable_repr_94' [-Werror,-Wunused-function]
 8198 | static KRML_MUSTINLINE void libcrux_ml_kem_vector_portable_repr_94(
      |                             ^~~~~~~~~~~~~~~~~~~~~~~~~~~~~~~~~~~~~~
In file included from /home/franziskus/libcrux/libcrux-ml-kem/cg/tests/mlkem768.cc:242:
In file included from /home/franziskus/libcrux/libcrux-ml-kem/cg/libcrux_mlkem768_avx2.h:26:
/home/franziskus/libcrux/libcrux-ml-kem/cg/libcrux_sha3_avx2.h:2508:1: error: unused function 'libcrux_sha3_avx2_x4_incremental_shake128_squeeze_first_five_blocks' [-Werror,-Wunused-function]
 2508 | libcrux_sha3_avx2_x4_incremental_shake128_squeeze_first_five_blocks(
      | ^~~~~~~~~~~~~~~~~~~~~~~~~~~~~~~~~~~~~~~~~~~~~~~~~~~~~~~~~~~~~~~~~~~
/home/franziskus/libcrux/libcrux-ml-kem/cg/libcrux_sha3_avx2.h:2520:1: error: unused function 'libcrux_sha3_avx2_x4_incremental_shake256_absorb_final' [-Werror,-Wunused-function]
 2520 | libcrux_sha3_avx2_x4_incremental_shake256_absorb_final(
      | ^~~~~~~~~~~~~~~~~~~~~~~~~~~~~~~~~~~~~~~~~~~~~~~~~~~~~~
/home/franziskus/libcrux/libcrux-ml-kem/cg/libcrux_sha3_avx2.h:2532:1: error: unused function 'libcrux_sha3_avx2_x4_incremental_shake256_squeeze_first_block' [-Werror,-Wunused-function]
 2532 | libcrux_sha3_avx2_x4_incremental_shake256_squeeze_first_block(
      | ^~~~~~~~~~~~~~~~~~~~~~~~~~~~~~~~~~~~~~~~~~~~~~~~~~~~~~~~~~~~~
/home/franziskus/libcrux/libcrux-ml-kem/cg/libcrux_sha3_avx2.h:2544:1: error: unused function 'libcrux_sha3_avx2_x4_incremental_shake256_squeeze_next_block' [-Werror,-Wunused-function]
 2544 | libcrux_sha3_avx2_x4_incremental_shake256_squeeze_next_block(
      | ^~~~~~~~~~~~~~~~~~~~~~~~~~~~~~~~~~~~~~~~~~~~~~~~~~~~~~~~~~~~
In file included from /home/franziskus/libcrux/libcrux-ml-kem/cg/tests/mlkem768.cc:242:
/home/franziskus/libcrux/libcrux-ml-kem/cg/libcrux_mlkem768_avx2.h:93:29: error: unused function 'libcrux_ml_kem_vector_avx2_to_i16_array_9a' [-Werror,-Wunused-function]
   93 | static KRML_MUSTINLINE void libcrux_ml_kem_vector_avx2_to_i16_array_9a(
      |                             ^~~~~~~~~~~~~~~~~~~~~~~~~~~~~~~~~~~~~~~~~~
/home/franziskus/libcrux/libcrux-ml-kem/cg/libcrux_mlkem768_avx2.h:111:1: error: unused function 'libcrux_ml_kem_vector_avx2_from_bytes_9a' [-Werror,-Wunused-function]
  111 | libcrux_ml_kem_vector_avx2_from_bytes_9a(Eurydice_slice array) {
      | ^~~~~~~~~~~~~~~~~~~~~~~~~~~~~~~~~~~~~~~~
/home/franziskus/libcrux/libcrux-ml-kem/cg/libcrux_mlkem768_avx2.h:127:29: error: unused function 'libcrux_ml_kem_vector_avx2_to_bytes_9a' [-Werror,-Wunused-function]
  127 | static KRML_MUSTINLINE void libcrux_ml_kem_vector_avx2_to_bytes_9a(
      |                             ^~~~~~~~~~~~~~~~~~~~~~~~~~~~~~~~~~~~~~
/home/franziskus/libcrux/libcrux-ml-kem/cg/libcrux_mlkem768_avx2.h:1467:1: error: unused function 'libcrux_ml_kem_ind_cpa_deserialize_vector_closure_ab' [-Werror,-Wunused-function]
 1467 | libcrux_ml_kem_ind_cpa_deserialize_vector_closure_ab(size_t _) {
      | ^~~~~~~~~~~~~~~~~~~~~~~~~~~~~~~~~~~~~~~~~~~~~~~~~~~~
/home/franziskus/libcrux/libcrux-ml-kem/cg/libcrux_mlkem768_avx2.h:1547:1: error: unused function 'libcrux_ml_kem_ind_cpa_deserialize_then_decompress_u_closure_ed' [-Werror,-Wunused-function]
 1547 | libcrux_ml_kem_ind_cpa_deserialize_then_decompress_u_closure_ed(size_t _) {
      | ^~~~~~~~~~~~~~~~~~~~~~~~~~~~~~~~~~~~~~~~~~~~~~~~~~~~~~~~~~~~~~~
/home/franziskus/libcrux/libcrux-ml-kem/cg/libcrux_mlkem768_avx2.h:1716:1: error: unused function 'libcrux_ml_kem_serialize_deserialize_then_decompress_11_79' [-Werror,-Wunused-function]
 1716 | libcrux_ml_kem_serialize_deserialize_then_decompress_11_79(
      | ^~~~~~~~~~~~~~~~~~~~~~~~~~~~~~~~~~~~~~~~~~~~~~~~~~~~~~~~~~
/home/franziskus/libcrux/libcrux-ml-kem/cg/libcrux_mlkem768_avx2.h:2142:1: error: unused function 'libcrux_ml_kem_serialize_deserialize_then_decompress_5_79' [-Werror,-Wunused-function]
 2142 | libcrux_ml_kem_serialize_deserialize_then_decompress_5_79(
      | ^~~~~~~~~~~~~~~~~~~~~~~~~~~~~~~~~~~~~~~~~~~~~~~~~~~~~~~~~
/home/franziskus/libcrux/libcrux-ml-kem/cg/libcrux_mlkem768_avx2.h:3388:1: error: unused function 'libcrux_ml_kem_ind_cpa_sample_vector_cbd_then_ntt_out_closure_b4' [-Werror,-Wunused-function]
 3388 | libcrux_ml_kem_ind_cpa_sample_vector_cbd_then_ntt_out_closure_b4(size_t _i) {
      | ^~~~~~~~~~~~~~~~~~~~~~~~~~~~~~~~~~~~~~~~~~~~~~~~~~~~~~~~~~~~~~~~
/home/franziskus/libcrux/libcrux-ml-kem/cg/libcrux_mlkem768_avx2.h:3547:1: error: unused function 'libcrux_ml_kem_sampling_sample_from_binomial_distribution_3_79' [-Werror,-Wunused-function]
 3547 | libcrux_ml_kem_sampling_sample_from_binomial_distribution_3_79(
      | ^~~~~~~~~~~~~~~~~~~~~~~~~~~~~~~~~~~~~~~~~~~~~~~~~~~~~~~~~~~~~~
/home/franziskus/libcrux/libcrux-ml-kem/cg/libcrux_mlkem768_avx2.h:3729:1: error: unused function 'libcrux_ml_kem_ind_cpa_sample_ring_element_cbd_closure_b4' [-Werror,-Wunused-function]
 3729 | libcrux_ml_kem_ind_cpa_sample_ring_element_cbd_closure_b4(size_t _i) {
      | ^~~~~~~~~~~~~~~~~~~~~~~~~~~~~~~~~~~~~~~~~~~~~~~~~~~~~~~~~
/home/franziskus/libcrux/libcrux-ml-kem/cg/libcrux_mlkem768_avx2.h:3821:1: error: unused function 'libcrux_ml_kem_matrix_compute_vector_u_closure_ab' [-Werror,-Wunused-function]
 3821 | libcrux_ml_kem_matrix_compute_vector_u_closure_ab(size_t _i) {
      | ^~~~~~~~~~~~~~~~~~~~~~~~~~~~~~~~~~~~~~~~~~~~~~~~~
/home/franziskus/libcrux/libcrux-ml-kem/cg/libcrux_mlkem768_avx2.h:4110:1: error: unused function 'libcrux_ml_kem_serialize_compress_then_serialize_11_0e' [-Werror,-Wunused-function]
 4110 | libcrux_ml_kem_serialize_compress_then_serialize_11_0e(
      | ^~~~~~~~~~~~~~~~~~~~~~~~~~~~~~~~~~~~~~~~~~~~~~~~~~~~~~
/home/franziskus/libcrux/libcrux-ml-kem/cg/libcrux_mlkem768_avx2.h:4560:1: error: unused function 'libcrux_ml_kem_serialize_compress_then_serialize_5_79' [-Werror,-Wunused-function]
 4560 | libcrux_ml_kem_serialize_compress_then_serialize_5_79(
      | ^~~~~~~~~~~~~~~~~~~~~~~~~~~~~~~~~~~~~~~~~~~~~~~~~~~~~
/home/franziskus/libcrux/libcrux-ml-kem/cg/libcrux_mlkem768_avx2.h:5916:29: error: unused function 'libcrux_ml_kem_mlkem768_avx2_kyber_decapsulate' [-Werror,-Wunused-function]
 5916 | static KRML_MUSTINLINE void libcrux_ml_kem_mlkem768_avx2_kyber_decapsulate(
      |                             ^~~~~~~~~~~~~~~~~~~~~~~~~~~~~~~~~~~~~~~~~~~~~~
/home/franziskus/libcrux/libcrux-ml-kem/cg/libcrux_mlkem768_avx2.h:6083:33: error: unused function 'libcrux_ml_kem_mlkem768_avx2_kyber_encapsulate' [-Werror,-Wunused-function]
 6083 | static KRML_MUSTINLINE tuple_c2 libcrux_ml_kem_mlkem768_avx2_kyber_encapsulate(
      |                                 ^~~~~~~~~~~~~~~~~~~~~~~~~~~~~~~~~~~~~~~~~~~~~~
/home/franziskus/libcrux/libcrux-ml-kem/cg/libcrux_mlkem768_avx2.h:6337:1: error: unused function 'libcrux_ml_kem_mlkem768_avx2_kyber_generate_key_pair' [-Werror,-Wunused-function]
 6337 | libcrux_ml_kem_mlkem768_avx2_kyber_generate_key_pair(uint8_t randomness[64U]) {
      | ^~~~~~~~~~~~~~~~~~~~~~~~~~~~~~~~~~~~~~~~~~~~~~~~~~~~
/home/franziskus/libcrux/libcrux-ml-kem/cg/libcrux_mlkem768_avx2.h:6435:29: error: unused function 'libcrux_ml_kem_mlkem768_avx2_validate_private_key' [-Werror,-Wunused-function]
 6435 | static KRML_MUSTINLINE bool libcrux_ml_kem_mlkem768_avx2_validate_private_key(
      |                             ^~~~~~~~~~~~~~~~~~~~~~~~~~~~~~~~~~~~~~~~~~~~~~~~~
/home/franziskus/libcrux/libcrux-ml-kem/cg/libcrux_mlkem768_avx2.h:6465:29: error: unused function 'libcrux_ml_kem_mlkem768_avx2_validate_private_key_only' [-Werror,-Wunused-function]
 6465 | static KRML_MUSTINLINE bool libcrux_ml_kem_mlkem768_avx2_validate_private_key_only(
      |                             ^~~~~~~~~~~~~~~~~~~~~~~~~~~~~~~~~~~~~~~~~~~~~~~~~~~~~~
/home/franziskus/libcrux/libcrux-ml-kem/cg/libcrux_mlkem768_avx2.h:6479:1: error: unused function 'libcrux_ml_kem_serialize_deserialize_ring_elements_reduced_out_closure_ab' [-Werror,-Wunused-function]
 6479 | libcrux_ml_kem_serialize_deserialize_ring_elements_reduced_out_closure_ab(
      | ^~~~~~~~~~~~~~~~~~~~~~~~~~~~~~~~~~~~~~~~~~~~~~~~~~~~~~~~~~~~~~~~~~~~~~~~~
/home/franziskus/libcrux/libcrux-ml-kem/cg/libcrux_mlkem768_avx2.h:6584:29: error: unused function 'libcrux_ml_kem_mlkem768_avx2_validate_public_key' [-Werror,-Wunused-function]
 6584 | static KRML_MUSTINLINE bool libcrux_ml_kem_mlkem768_avx2_validate_public_key(
      |                             ^~~~~~~~~~~~~~~~~~~~~~~~~~~~~~~~~~~~~~~~~~~~~~~~
/home/franziskus/libcrux/libcrux-ml-kem/cg/libcrux_mlkem768_avx2.h:6957:1: error: unused function 'libcrux_ml_kem_ind_cca_unpacked_transpose_a_closure_closure_ab' [-Werror,-Wunused-function]
 6957 | libcrux_ml_kem_ind_cca_unpacked_transpose_a_closure_closure_ab(size_t _j) {
      | ^~~~~~~~~~~~~~~~~~~~~~~~~~~~~~~~~~~~~~~~~~~~~~~~~~~~~~~~~~~~~~
/home/franziskus/libcrux/libcrux-ml-kem/cg/libcrux_mlkem768_avx2.h:7206:1: error: unused function 'libcrux_ml_kem_mlkem768_avx2_unpacked_generate_key_pair' [-Werror,-Wunused-function]
 7206 | libcrux_ml_kem_mlkem768_avx2_unpacked_generate_key_pair(
      | ^~~~~~~~~~~~~~~~~~~~~~~~~~~~~~~~~~~~~~~~~~~~~~~~~~~~~~~
/home/franziskus/libcrux/libcrux-ml-kem/cg/libcrux_mlkem768_avx2.h:7231:1: error: unused function 'libcrux_ml_kem_mlkem768_avx2_unpacked_init_public_key' [-Werror,-Wunused-function]
 7231 | libcrux_ml_kem_mlkem768_avx2_unpacked_init_public_key(void) {
      | ^~~~~~~~~~~~~~~~~~~~~~~~~~~~~~~~~~~~~~~~~~~~~~~~~~~~~
/home/franziskus/libcrux/libcrux-ml-kem/cg/libcrux_mlkem768_avx2.h:7459:1: error: unused function 'libcrux_ml_kem_mlkem768_avx2_unpacked_key_pair_from_private_mut' [-Werror,-Wunused-function]
 7459 | libcrux_ml_kem_mlkem768_avx2_unpacked_key_pair_from_private_mut(
      | ^~~~~~~~~~~~~~~~~~~~~~~~~~~~~~~~~~~~~~~~~~~~~~~~~~~~~~~~~~~~~~~
/home/franziskus/libcrux/libcrux-ml-kem/cg/libcrux_mlkem768_avx2.h:7530:1: error: unused function 'libcrux_ml_kem_mlkem768_avx2_unpacked_key_pair_serialized_private_key' [-Werror,-Wunused-function]
 7530 | libcrux_ml_kem_mlkem768_avx2_unpacked_key_pair_serialized_private_key(
      | ^~~~~~~~~~~~~~~~~~~~~~~~~~~~~~~~~~~~~~~~~~~~~~~~~~~~~~~~~~~~~~~~~~~~~
/home/franziskus/libcrux/libcrux-ml-kem/cg/libcrux_mlkem768_avx2.h:7540:1: error: unused function 'libcrux_ml_kem_mlkem768_avx2_unpacked_key_pair_serialized_private_key_mut' [-Werror,-Wunused-function]
 7540 | libcrux_ml_kem_mlkem768_avx2_unpacked_key_pair_serialized_private_key_mut(
      | ^~~~~~~~~~~~~~~~~~~~~~~~~~~~~~~~~~~~~~~~~~~~~~~~~~~~~~~~~~~~~~~~~~~~~~~~~
/home/franziskus/libcrux/libcrux-ml-kem/cg/libcrux_mlkem768_avx2.h:7596:1: error: unused function 'libcrux_ml_kem_mlkem768_avx2_unpacked_key_pair_serialized_public_key' [-Werror,-Wunused-function]
 7596 | libcrux_ml_kem_mlkem768_avx2_unpacked_key_pair_serialized_public_key(
      | ^~~~~~~~~~~~~~~~~~~~~~~~~~~~~~~~~~~~~~~~~~~~~~~~~~~~~~~~~~~~~~~~~~~~
/home/franziskus/libcrux/libcrux-ml-kem/cg/libcrux_mlkem768_avx2.h:7651:1: error: unused function 'libcrux_ml_kem_mlkem768_avx2_unpacked_key_pair_serialized_public_key_mut' [-Werror,-Wunused-function]
 7651 | libcrux_ml_kem_mlkem768_avx2_unpacked_key_pair_serialized_public_key_mut(
      | ^~~~~~~~~~~~~~~~~~~~~~~~~~~~~~~~~~~~~~~~~~~~~~~~~~~~~~~~~~~~~~~~~~~~~~~~
/home/franziskus/libcrux/libcrux-ml-kem/cg/libcrux_mlkem768_avx2.h:7742:29: error: unused function 'libcrux_ml_kem_mlkem768_avx2_unpacked_public_key' [-Werror,-Wunused-function]
 7742 | static KRML_MUSTINLINE void libcrux_ml_kem_mlkem768_avx2_unpacked_public_key(
      |                             ^~~~~~~~~~~~~~~~~~~~~~~~~~~~~~~~~~~~~~~~~~~~~~~~
/home/franziskus/libcrux/libcrux-ml-kem/cg/libcrux_mlkem768_avx2.h:7755:29: error: unused function 'libcrux_ml_kem_mlkem768_avx2_unpacked_serialized_public_key' [-Werror,-Wunused-function]
 7755 | static KRML_MUSTINLINE void libcrux_ml_kem_mlkem768_avx2_unpacked_serialized_public_key(
      |                             ^~~~~~~~~~~~~~~~~~~~~~~~~~~~~~~~~~~~~~~~~~~~~~~~~~~~~~~~~~~
/home/franziskus/libcrux/libcrux-ml-kem/cg/libcrux_mlkem768_avx2.h:7853:29: error: unused function 'libcrux_ml_kem_mlkem768_avx2_unpacked_unpacked_public_key' [-Werror,-Wunused-function]
 7853 | static KRML_MUSTINLINE void libcrux_ml_kem_mlkem768_avx2_unpacked_unpacked_public_key(
      |                             ^~~~~~~~~~~~~~~~~~~~~~~~~~~~~~~~~~~~~~~~~~~~~~~~~~~~~~~~~
/home/franziskus/libcrux/libcrux-ml-kem/cg/libcrux_mlkem768_avx2.h:7866:32: error: unused function 'libcrux_ml_kem_vector_avx2_clone_3a' [-Werror,-Wunused-function]
 7866 | static KRML_MUSTINLINE __m256i libcrux_ml_kem_vector_avx2_clone_3a(__m256i *self) {
      |                                ^~~~~~~~~~~~~~~~~~~~~~~~~~~~~~~~~~~
/home/franziskus/libcrux/libcrux-ml-kem/cg/libcrux_mlkem768_avx2.h:7875:29: error: unused function 'libcrux_ml_kem_vector_avx2_repr_11' [-Werror,-Wunused-function]
 7875 | static KRML_MUSTINLINE void libcrux_ml_kem_vector_avx2_repr_11(__m256i x,
      |                             ^~~~~~~~~~~~~~~~~~~~~~~~~~~~~~~~~~
104 errors generated.
[7/14] Building CXX object _deps/googletest-build/googletest/CMakeFiles/gtest.dir/Debug/src/gtest-all.cc.o
ninja: build stopped: subcommand failed.
